<?xml version="1.0" encoding="UTF-8"?>
<!-- Generated by org.testng.reporters.JUnitXMLReporter -->
<testsuite ignored="0" hostname="AAD-W17Q1DRL3" failures="0" tests="2" name="API_Portal_Home" time="94.091" errors="0" timestamp="15 Dec 2022 17:59:01 GMT">
  <testcase classname="com.informatica.tests.BaseTest" name="@AfterTest tearDown" time="1.155">
    <failure type="com.microsoft.playwright.PlaywrightException" message="Failed to read message from driver, pipe closed.">
      <![CDATA[com.microsoft.playwright.PlaywrightException: Failed to read message from driver, pipe closed.
at com.microsoft.playwright.impl.PipeTransport.poll(PipeTransport.java:75)
at com.microsoft.playwright.impl.Connection.processOneMessage(Connection.java:157)
at com.microsoft.playwright.impl.ChannelOwner.runUntil(ChannelOwner.java:101)
at com.microsoft.playwright.impl.Connection.sendMessage(Connection.java:105)
at com.microsoft.playwright.impl.ChannelOwner.sendMessage(ChannelOwner.java:94)
at com.microsoft.playwright.impl.ChannelOwner.sendMessage(ChannelOwner.java:90)
at com.microsoft.playwright.impl.BrowserContextImpl.closeImpl(BrowserContextImpl.java:196)
at com.microsoft.playwright.impl.BrowserContextImpl.lambda$close$1(BrowserContextImpl.java:170)
at com.microsoft.playwright.impl.LoggingSupport.lambda$withLogging$0(LoggingSupport.java:36)
at com.microsoft.playwright.impl.LoggingSupport.withLogging(LoggingSupport.java:47)
at com.microsoft.playwright.impl.ChannelOwner.withLogging(ChannelOwner.java:79)
at com.microsoft.playwright.impl.LoggingSupport.withLogging(LoggingSupport.java:35)
at com.microsoft.playwright.impl.BrowserContextImpl.close(BrowserContextImpl.java:170)
at com.informatica.tests.BaseTest.tearDown(BaseTest.java:294)
at java.base/java.util.concurrent.FutureTask.run(FutureTask.java:264)
at java.base/java.util.concurrent.ThreadPoolExecutor.runWorker(ThreadPoolExecutor.java:1136)
at java.base/java.util.concurrent.ThreadPoolExecutor$Worker.run(ThreadPoolExecutor.java:635)
at java.base/java.lang.Thread.run(Thread.java:833)
Caused by: java.io.EOFException
at com.microsoft.playwright.impl.ReaderThread.readIntLE(PipeTransport.java:110)
at com.microsoft.playwright.impl.ReaderThread.readMessage(PipeTransport.java:139)
at com.microsoft.playwright.impl.ReaderThread.run(PipeTransport.java:125)
... Removed 15 stack frames]]>
    </failure>
  </testcase> <!-- @AfterTest tearDown -->
  <testcase classname="com.informatica.tests.BaseTest" name="@AfterTest tearDown" time="1.309">
    <failure type="com.microsoft.playwright.PlaywrightException" message="Failed to read message from driver, pipe closed.">
      <![CDATA[com.microsoft.playwright.PlaywrightException: Failed to read message from driver, pipe closed.
at com.microsoft.playwright.impl.PipeTransport.poll(PipeTransport.java:75)
at com.microsoft.playwright.impl.Connection.processOneMessage(Connection.java:157)
at com.microsoft.playwright.impl.ChannelOwner.runUntil(ChannelOwner.java:101)
at com.microsoft.playwright.impl.Connection.sendMessage(Connection.java:105)
at com.microsoft.playwright.impl.ChannelOwner.sendMessage(ChannelOwner.java:94)
at com.microsoft.playwright.impl.ChannelOwner.sendMessage(ChannelOwner.java:90)
at com.microsoft.playwright.impl.BrowserContextImpl.closeImpl(BrowserContextImpl.java:196)
at com.microsoft.playwright.impl.BrowserContextImpl.lambda$close$1(BrowserContextImpl.java:170)
at com.microsoft.playwright.impl.LoggingSupport.lambda$withLogging$0(LoggingSupport.java:36)
at com.microsoft.playwright.impl.LoggingSupport.withLogging(LoggingSupport.java:47)
at com.microsoft.playwright.impl.ChannelOwner.withLogging(ChannelOwner.java:79)
at com.microsoft.playwright.impl.LoggingSupport.withLogging(LoggingSupport.java:35)
at com.microsoft.playwright.impl.BrowserContextImpl.close(BrowserContextImpl.java:170)
at com.informatica.tests.BaseTest.tearDown(BaseTest.java:294)
at java.base/java.util.concurrent.FutureTask.run(FutureTask.java:264)
at java.base/java.util.concurrent.ThreadPoolExecutor.runWorker(ThreadPoolExecutor.java:1136)
at java.base/java.util.concurrent.ThreadPoolExecutor$Worker.run(ThreadPoolExecutor.java:635)
at java.base/java.lang.Thread.run(Thread.java:833)
Caused by: java.io.EOFException
at com.microsoft.playwright.impl.ReaderThread.readIntLE(PipeTransport.java:110)
at com.microsoft.playwright.impl.ReaderThread.readMessage(PipeTransport.java:139)
at com.microsoft.playwright.impl.ReaderThread.run(PipeTransport.java:125)
... Removed 15 stack frames]]>
    </failure>
  </testcase> <!-- @AfterTest tearDown -->
  <testcase classname="com.informatica.tests.APIPortalHomeTest" name="validateAnalyticsOverviewTab" time="0.533"/>
  <testcase classname="com.informatica.tests.APIPortalHomeTest" name="validateTopApisTab" time="5.432"/>
</testsuite> <!-- API_Portal_Home -->
