<?xml version="1.0" encoding="UTF-8"?>
<!-- Generated by org.testng.reporters.JUnitXMLReporter -->
<testsuite ignored="10" hostname="AAD-W17Q1DRL3" failures="0" tests="1" name="API_Groups_Regression" time="80.683" errors="0" timestamp="14 Dec 2022 09:05:43 GMT">
  <testcase classname="com.informatica.tests.BaseTest" name="@AfterTest tearDown" time="0.367">
    <failure type="com.microsoft.playwright.PlaywrightException" message="Failed to read message from driver, pipe closed.">
      <![CDATA[com.microsoft.playwright.PlaywrightException: Failed to read message from driver, pipe closed.
at com.microsoft.playwright.impl.PipeTransport.poll(PipeTransport.java:75)
at com.microsoft.playwright.impl.Connection.processOneMessage(Connection.java:157)
at com.microsoft.playwright.impl.ChannelOwner.runUntil(ChannelOwner.java:101)
at com.microsoft.playwright.impl.Connection.sendMessage(Connection.java:105)
at com.microsoft.playwright.impl.ChannelOwner.sendMessage(ChannelOwner.java:94)
at com.microsoft.playwright.impl.ChannelOwner.sendMessage(ChannelOwner.java:90)
at com.microsoft.playwright.impl.BrowserContextImpl.closeImpl(BrowserContextImpl.java:196)
at com.microsoft.playwright.impl.BrowserContextImpl.lambda$close$1(BrowserContextImpl.java:170)
at com.microsoft.playwright.impl.LoggingSupport.lambda$withLogging$0(LoggingSupport.java:36)
at com.microsoft.playwright.impl.LoggingSupport.withLogging(LoggingSupport.java:47)
at com.microsoft.playwright.impl.ChannelOwner.withLogging(ChannelOwner.java:79)
at com.microsoft.playwright.impl.LoggingSupport.withLogging(LoggingSupport.java:35)
at com.microsoft.playwright.impl.BrowserContextImpl.close(BrowserContextImpl.java:170)
at com.informatica.tests.BaseTest.tearDown(BaseTest.java:294)
at java.base/java.util.concurrent.FutureTask.run(FutureTask.java:264)
at java.base/java.util.concurrent.ThreadPoolExecutor.runWorker(ThreadPoolExecutor.java:1136)
at java.base/java.util.concurrent.ThreadPoolExecutor$Worker.run(ThreadPoolExecutor.java:635)
at java.base/java.lang.Thread.run(Thread.java:833)
Caused by: java.io.EOFException
at com.microsoft.playwright.impl.ReaderThread.readIntLE(PipeTransport.java:110)
at com.microsoft.playwright.impl.ReaderThread.readMessage(PipeTransport.java:139)
at com.microsoft.playwright.impl.ReaderThread.run(PipeTransport.java:125)
... Removed 15 stack frames]]>
    </failure>
  </testcase> <!-- @AfterTest tearDown -->
  <testcase classname="com.informatica.tests.APIMGroupsRegressionScenarios" name="groupConectAcceptsFrom1to65_TC20" time="42.887"/>
  <testcase classname="com.informatica.tests.APIMGroupsRegressionScenarios" name="groupConectDoesNotAcceptCharT_TC53" time="0.0">
    <ignored/>
  </testcase> <!-- groupConectDoesNotAcceptCharT_TC53 -->
  <testcase classname="com.informatica.tests.APIMGroupsRegressionScenarios" name="updatedContextIsNotIncludedinAPIURLNotPartOfGroup_TC31" time="0.0">
    <ignored/>
  </testcase> <!-- updatedContextIsNotIncludedinAPIURLNotPartOfGroup_TC31 -->
  <testcase classname="com.informatica.tests.APIMGroupsRegressionScenarios" name="groupNameDoesNotAcceptRestrictedCharecters_TC24" time="0.0">
    <ignored/>
  </testcase> <!-- groupNameDoesNotAcceptRestrictedCharecters_TC24 -->
  <testcase classname="com.informatica.tests.APIMGroupsRegressionScenarios" name="ifContextIsRemovedNotIncludedinAPIURL_TC32" time="0.0">
    <ignored/>
  </testcase> <!-- ifContextIsRemovedNotIncludedinAPIURL_TC32 -->
  <testcase classname="com.informatica.tests.APIMGroupsRegressionScenarios" name="updatedContextIsIncludedinAPIURL_TC30" time="0.0">
    <ignored/>
  </testcase> <!-- updatedContextIsIncludedinAPIURL_TC30 -->
  <testcase classname="com.informatica.tests.APIMGroupsRegressionScenarios" name="creationOfGroupFromAPIGroupTab_TC01" time="0.0">
    <ignored/>
  </testcase> <!-- creationOfGroupFromAPIGroupTab_TC01 -->
  <testcase classname="com.informatica.tests.APIMGroupsRegressionScenarios" name="creationOfGroupFromAPIAddToGroupButton_TC02" time="0.0">
    <ignored/>
  </testcase> <!-- creationOfGroupFromAPIAddToGroupButton_TC02 -->
  <testcase classname="com.informatica.tests.APIMGroupsRegressionScenarios" name="addAPIstoGroupCreatedFrom_TC03" time="0.0">
    <ignored/>
  </testcase> <!-- addAPIstoGroupCreatedFrom_TC03 -->
  <testcase classname="com.informatica.tests.APIMGroupsRegressionScenarios" name="validateAPIURLDoesNotincludesContext_TC29" time="0.0">
    <ignored/>
  </testcase> <!-- validateAPIURLDoesNotincludesContext_TC29 -->
  <testcase classname="com.informatica.tests.APIMGroupsRegressionScenarios" name="validateAPIURLincludesContext_TC27" time="0.0">
    <ignored/>
  </testcase> <!-- validateAPIURLincludesContext_TC27 -->
</testsuite> <!-- API_Groups_Regression -->
