<?xml version="1.0" encoding="UTF-8"?>
<!-- Generated by org.testng.reporters.JUnitXMLReporter -->
<testsuite ignored="0" hostname="AAD-W17Q1DRL3" failures="0" tests="3" name="APIM_Analytics" time="115.829" errors="0" timestamp="15 Dec 2022 18:00:22 GMT">
  <testcase classname="com.informatica.tests.ApimAnalyticsTest" name="validateAnalyticsOverViewTab" time="11.29"/>
  <testcase classname="com.informatica.tests.ApimAnalyticsTest" name="validateAnalyticsActivityLogTab" time="0.502"/>
  <testcase classname="com.informatica.tests.ApimAnalyticsTest" name="validateAnalyticsEventsLogTab" time="81.485"/>
</testsuite> <!-- APIM_Analytics -->
