<?xml version="1.0" encoding="UTF-8"?>
<!-- Generated by org.testng.reporters.JUnitXMLReporter -->
<testsuite ignored="0" hostname="AAD-W17Q1DRL3" failures="4" tests="4" name="APIM_Swagger" time="274.167" errors="0" timestamp="15 Dec 2022 18:04:56 GMT">
  <testcase classname="com.informatica.tests.APIMSwaggerTest" name="validateAnonAPISwaggerURL" time="60.187">
    <failure type="java.lang.AssertionError" message="Exception while validating Anonymous API Swagger URL">
      <![CDATA[java.lang.AssertionError: Exception while validating Anonymous API Swagger URL
at com.informatica.tests.APIMSwaggerTest.validateAnonAPISwaggerURL(APIMSwaggerTest.java:215)
at java.base/java.util.concurrent.FutureTask.run(FutureTask.java:264)
at java.base/java.util.concurrent.ThreadPoolExecutor.runWorker(ThreadPoolExecutor.java:1136)
at java.base/java.util.concurrent.ThreadPoolExecutor$Worker.run(ThreadPoolExecutor.java:635)
at java.base/java.lang.Thread.run(Thread.java:833)
... Removed 17 stack frames]]>
    </failure>
  </testcase> <!-- validateAnonAPISwaggerURL -->
  <testcase classname="com.informatica.tests.APIMSwaggerTest" name="validateAnonAPISwagger" time="60.01">
    <failure type="java.lang.AssertionError" message="Exception while validating Anonymous API Swagger tab">
      <![CDATA[java.lang.AssertionError: Exception while validating Anonymous API Swagger tab
at com.informatica.tests.APIMSwaggerTest.validateAnonAPISwagger(APIMSwaggerTest.java:109)
at java.base/java.util.concurrent.FutureTask.run(FutureTask.java:264)
at java.base/java.util.concurrent.ThreadPoolExecutor.runWorker(ThreadPoolExecutor.java:1136)
at java.base/java.util.concurrent.ThreadPoolExecutor$Worker.run(ThreadPoolExecutor.java:635)
at java.base/java.lang.Thread.run(Thread.java:833)
... Removed 17 stack frames]]>
    </failure>
  </testcase> <!-- validateAnonAPISwagger -->
  <testcase classname="com.informatica.tests.APIMSwaggerTest" name="validateBasicAPISwaggerURL" time="60.184">
    <failure type="java.lang.AssertionError" message="Exception while validating Basic API Swagger URL">
      <![CDATA[java.lang.AssertionError: Exception while validating Basic API Swagger URL
at com.informatica.tests.APIMSwaggerTest.validateBasicAPISwaggerURL(APIMSwaggerTest.java:255)
at java.base/java.util.concurrent.FutureTask.run(FutureTask.java:264)
at java.base/java.util.concurrent.ThreadPoolExecutor.runWorker(ThreadPoolExecutor.java:1136)
at java.base/java.util.concurrent.ThreadPoolExecutor$Worker.run(ThreadPoolExecutor.java:635)
at java.base/java.lang.Thread.run(Thread.java:833)
... Removed 17 stack frames]]>
    </failure>
  </testcase> <!-- validateBasicAPISwaggerURL -->
  <testcase classname="com.informatica.tests.APIMSwaggerTest" name="validateBasicAPISwagger" time="60.024">
    <failure type="java.lang.AssertionError" message="Exception while validating Basic API Swagger tab">
      <![CDATA[java.lang.AssertionError: Exception while validating Basic API Swagger tab
at com.informatica.tests.APIMSwaggerTest.validateBasicAPISwagger(APIMSwaggerTest.java:174)
at java.base/java.util.concurrent.FutureTask.run(FutureTask.java:264)
at java.base/java.util.concurrent.ThreadPoolExecutor.runWorker(ThreadPoolExecutor.java:1136)
at java.base/java.util.concurrent.ThreadPoolExecutor$Worker.run(ThreadPoolExecutor.java:635)
at java.base/java.lang.Thread.run(Thread.java:833)
... Removed 17 stack frames]]>
    </failure>
  </testcase> <!-- validateBasicAPISwagger -->
</testsuite> <!-- APIM_Swagger -->
