<?xml version="1.0" encoding="UTF-8"?>
<!-- Generated by org.testng.reporters.JUnitXMLReporter -->
<testsuite ignored="0" hostname="AAD-W17Q1DRL3" failures="8" tests="9" name="APIM_Home_Page" time="389.316" errors="0" timestamp="15 Dec 2022 18:03:21 GMT">
  <testcase classname="com.informatica.tests.APIMRegisteryTest" name="SearchActiveStatus" time="60.121">
    <failure type="java.lang.AssertionError" message="Exception while validating SearchActiveStatus">
      <![CDATA[java.lang.AssertionError: Exception while validating SearchActiveStatus
at com.informatica.tests.APIMRegisteryTest.SearchActiveStatus(APIMRegisteryTest.java:64)
at java.base/java.util.concurrent.FutureTask.run(FutureTask.java:264)
at java.base/java.util.concurrent.ThreadPoolExecutor.runWorker(ThreadPoolExecutor.java:1136)
at java.base/java.util.concurrent.ThreadPoolExecutor$Worker.run(ThreadPoolExecutor.java:635)
at java.base/java.lang.Thread.run(Thread.java:833)
... Removed 17 stack frames]]>
    </failure>
  </testcase> <!-- SearchActiveStatus -->
  <testcase classname="com.informatica.tests.APIMRegisteryTest" name="SearchInActiveStatus" time="0.014">
    <failure type="java.lang.AssertionError" message="expected [true] but found [false]">
      <![CDATA[java.lang.AssertionError: expected [true] but found [false]
at com.informatica.tests.APIMRegisteryTest.SearchInActiveStatus(APIMRegisteryTest.java:77)
at java.base/java.util.concurrent.FutureTask.run(FutureTask.java:264)
at java.base/java.util.concurrent.ThreadPoolExecutor.runWorker(ThreadPoolExecutor.java:1136)
at java.base/java.util.concurrent.ThreadPoolExecutor$Worker.run(ThreadPoolExecutor.java:635)
at java.base/java.lang.Thread.run(Thread.java:833)
... Removed 20 stack frames]]>
    </failure>
  </testcase> <!-- SearchInActiveStatus -->
  <testcase classname="com.informatica.tests.APIMRegisteryTest" name="Search_ActiveServiceNot_AvailiableStatus" time="0.007">
    <failure type="java.lang.AssertionError" message="expected [true] but found [false]">
      <![CDATA[java.lang.AssertionError: expected [true] but found [false]
at com.informatica.tests.APIMRegisteryTest.Search_ActiveServiceNot_AvailiableStatus(APIMRegisteryTest.java:94)
at java.base/java.util.concurrent.FutureTask.run(FutureTask.java:264)
at java.base/java.util.concurrent.ThreadPoolExecutor.runWorker(ThreadPoolExecutor.java:1136)
at java.base/java.util.concurrent.ThreadPoolExecutor$Worker.run(ThreadPoolExecutor.java:635)
at java.base/java.lang.Thread.run(Thread.java:833)
... Removed 20 stack frames]]>
    </failure>
  </testcase> <!-- Search_ActiveServiceNot_AvailiableStatus -->
  <testcase classname="com.informatica.tests.APIMRegisteryTest" name="Search_InActiveServiceNot_AvailiableStatus" time="0.008">
    <failure type="java.lang.AssertionError" message="expected [true] but found [false]">
      <![CDATA[java.lang.AssertionError: expected [true] but found [false]
at com.informatica.tests.APIMRegisteryTest.Search_InActiveServiceNot_AvailiableStatus(APIMRegisteryTest.java:111)
at java.base/java.util.concurrent.FutureTask.run(FutureTask.java:264)
at java.base/java.util.concurrent.ThreadPoolExecutor.runWorker(ThreadPoolExecutor.java:1136)
at java.base/java.util.concurrent.ThreadPoolExecutor$Worker.run(ThreadPoolExecutor.java:635)
at java.base/java.lang.Thread.run(Thread.java:833)
... Removed 20 stack frames]]>
    </failure>
  </testcase> <!-- Search_InActiveServiceNot_AvailiableStatus -->
  <testcase classname="com.informatica.tests.APIMRegisteryTest" name="ValidateHeadersAPiRegistry" time="60.035">
    <failure type="java.lang.AssertionError" message="Exception while validating HeadersAPiRegistry">
      <![CDATA[java.lang.AssertionError: Exception while validating HeadersAPiRegistry
at com.informatica.tests.APIMRegisteryTest.ValidateHeadersAPiRegistry(APIMRegisteryTest.java:137)
at java.base/java.util.concurrent.FutureTask.run(FutureTask.java:264)
at java.base/java.util.concurrent.ThreadPoolExecutor.runWorker(ThreadPoolExecutor.java:1136)
at java.base/java.util.concurrent.ThreadPoolExecutor$Worker.run(ThreadPoolExecutor.java:635)
at java.base/java.lang.Thread.run(Thread.java:833)
... Removed 17 stack frames]]>
    </failure>
  </testcase> <!-- ValidateHeadersAPiRegistry -->
  <testcase classname="com.informatica.tests.APIMRegisteryTest" name="CreateManagagedAPI" time="62.257">
    <failure type="java.lang.AssertionError" message="Exception while creating CreateManagagedAPIValidation">
      <![CDATA[java.lang.AssertionError: Exception while creating CreateManagagedAPIValidation
at com.informatica.tests.APIMRegisteryTest.CreateManagagedAPI(APIMRegisteryTest.java:218)
at java.base/java.util.concurrent.FutureTask.run(FutureTask.java:264)
at java.base/java.util.concurrent.ThreadPoolExecutor.runWorker(ThreadPoolExecutor.java:1136)
at java.base/java.util.concurrent.ThreadPoolExecutor$Worker.run(ThreadPoolExecutor.java:635)
at java.base/java.lang.Thread.run(Thread.java:833)
... Removed 17 stack frames]]>
    </failure>
  </testcase> <!-- CreateManagagedAPI -->
  <testcase classname="com.informatica.tests.APIMRegisteryTest" name="CreateNewVersionAPI" time="62.349">
    <failure type="java.lang.AssertionError" message="Exception while creating CreateNewVersionAPI">
      <![CDATA[java.lang.AssertionError: Exception while creating CreateNewVersionAPI
at com.informatica.tests.APIMRegisteryTest.CreateNewVersionAPI(APIMRegisteryTest.java:295)
at java.base/java.util.concurrent.FutureTask.run(FutureTask.java:264)
at java.base/java.util.concurrent.ThreadPoolExecutor.runWorker(ThreadPoolExecutor.java:1136)
at java.base/java.util.concurrent.ThreadPoolExecutor$Worker.run(ThreadPoolExecutor.java:635)
at java.base/java.lang.Thread.run(Thread.java:833)
... Removed 17 stack frames]]>
    </failure>
  </testcase> <!-- CreateNewVersionAPI -->
  <testcase classname="com.informatica.tests.APIMRegisteryTest" name="DeleteManagagedAPI" time="62.209">
    <failure type="java.lang.AssertionError" message="Exception while deleting DeleteManagagedAPIValidation">
      <![CDATA[java.lang.AssertionError: Exception while deleting DeleteManagagedAPIValidation
at com.informatica.tests.APIMRegisteryTest.DeleteManagagedAPI(APIMRegisteryTest.java:342)
at java.base/java.util.concurrent.FutureTask.run(FutureTask.java:264)
at java.base/java.util.concurrent.ThreadPoolExecutor.runWorker(ThreadPoolExecutor.java:1136)
at java.base/java.util.concurrent.ThreadPoolExecutor$Worker.run(ThreadPoolExecutor.java:635)
at java.base/java.lang.Thread.run(Thread.java:833)
... Removed 17 stack frames]]>
    </failure>
  </testcase> <!-- DeleteManagagedAPI -->
  <testcase classname="com.informatica.tests.APIMRegisteryTest" name="validateManagedAPIDropdown" time="0.249"/>
</testsuite> <!-- APIM_Home_Page -->
