<?xml version="1.0" encoding="UTF-8"?>
<!-- Generated by org.testng.reporters.JUnitXMLReporter -->
<testsuite ignored="0" hostname="AAD-W17Q1DRL3" failures="0" tests="3" name="OrgLevelPolicies" time="42.655" errors="0" timestamp="15 Dec 2022 18:04:25 GMT">
  <testcase classname="com.informatica.tests.OrgLevelPoliciesTest" name="validateOrgRateLimitUI" time="0.114"/>
  <testcase classname="com.informatica.tests.OrgLevelPoliciesTest" name="deleteDefaultOrgRateLimitTier" time="3.443"/>
  <testcase classname="com.informatica.tests.OrgLevelPoliciesTest" name="validateIpFilterPoliciesRetained" time="0.099"/>
</testsuite> <!-- OrgLevelPolicies -->
