<?xml version="1.0" encoding="UTF-8"?>
<!-- Generated by org.testng.reporters.JUnitXMLReporter -->
<testsuite ignored="0" hostname="AAD-W17Q1DRL3" failures="1" tests="2" name="RateLimit" time="178.879" errors="0" timestamp="15 Dec 2022 18:05:33 GMT">
  <testcase classname="com.informatica.tests.BaseTest" name="@AfterTest tearDown" time="0.708">
    <failure type="com.microsoft.playwright.PlaywrightException" message="Failed to read message from driver, pipe closed.">
      <![CDATA[com.microsoft.playwright.PlaywrightException: Failed to read message from driver, pipe closed.
at com.microsoft.playwright.impl.PipeTransport.poll(PipeTransport.java:75)
at com.microsoft.playwright.impl.Connection.processOneMessage(Connection.java:157)
at com.microsoft.playwright.impl.ChannelOwner.runUntil(ChannelOwner.java:101)
at com.microsoft.playwright.impl.Connection.sendMessage(Connection.java:105)
at com.microsoft.playwright.impl.ChannelOwner.sendMessage(ChannelOwner.java:94)
at com.microsoft.playwright.impl.ChannelOwner.sendMessage(ChannelOwner.java:90)
at com.microsoft.playwright.impl.BrowserContextImpl.closeImpl(BrowserContextImpl.java:196)
at com.microsoft.playwright.impl.BrowserContextImpl.lambda$close$1(BrowserContextImpl.java:170)
at com.microsoft.playwright.impl.LoggingSupport.lambda$withLogging$0(LoggingSupport.java:36)
at com.microsoft.playwright.impl.LoggingSupport.withLogging(LoggingSupport.java:47)
at com.microsoft.playwright.impl.ChannelOwner.withLogging(ChannelOwner.java:79)
at com.microsoft.playwright.impl.LoggingSupport.withLogging(LoggingSupport.java:35)
at com.microsoft.playwright.impl.BrowserContextImpl.close(BrowserContextImpl.java:170)
at com.informatica.tests.BaseTest.tearDown(BaseTest.java:294)
at java.base/java.util.concurrent.FutureTask.run(FutureTask.java:264)
at java.base/java.util.concurrent.ThreadPoolExecutor.runWorker(ThreadPoolExecutor.java:1136)
at java.base/java.util.concurrent.ThreadPoolExecutor$Worker.run(ThreadPoolExecutor.java:635)
at java.base/java.lang.Thread.run(Thread.java:833)
Caused by: java.io.EOFException
at com.microsoft.playwright.impl.ReaderThread.readIntLE(PipeTransport.java:110)
at com.microsoft.playwright.impl.ReaderThread.readMessage(PipeTransport.java:139)
at com.microsoft.playwright.impl.ReaderThread.run(PipeTransport.java:125)
... Removed 15 stack frames]]>
    </failure>
  </testcase> <!-- @AfterTest tearDown -->
  <testcase classname="com.informatica.tests.RateLimitTest" name="verifyRateLimitPolicyAppliedToAnonymousApi" time="27.998"/>
  <testcase classname="com.informatica.tests.RateLimitTest" name="verifyRateLimitPolicyAppliedToBasicApi" time="120.264">
    <failure type="com.microsoft.playwright.TimeoutError" message="Error {
  message=&amp;apos;Timeout 60000ms exceeded.
=========================== logs ===========================
waiting for selector &amp;quot;//*[@id=&amp;quot;root&amp;quot;]/div/div[2]/main/div[3]/div/div[1]/ul/button[2]&amp;quot;
============================================================
  name=&amp;apos;TimeoutError
  stack=&amp;apos;TimeoutError: Timeout 60000ms exceeded.
=========================== logs ===========================
waiting for selector &amp;quot;//*[@id=&amp;quot;root&amp;quot;]/div/div[2]/main/div[3]/div/div[1]/ul/button[2]&amp;quot;
============================================================
    at ProgressController.run (C:\Users\jashaik\AppData\Local\Temp\playwright-java-5376866736254237440\package\lib\server\progress.js:96:26)
    at Frame.click (C:\Users\jashaik\AppData\Local\Temp\playwright-java-5376866736254237440\package\lib\server\frames.js:1111:23)
    at FrameDispatcher.click (C:\Users\jashaik\AppData\Local\Temp\playwright-java-5376866736254237440\package\lib\dispatchers\frameDispatcher.js:166:30)
    at DispatcherConnection.dispatch (C:\Users\jashaik\AppData\Local\Temp\playwright-java-5376866736254237440\package\lib\dispatchers\dispatcher.js:352:46)
}">
      <![CDATA[com.microsoft.playwright.TimeoutError: Error {
  message='Timeout 60000ms exceeded.
=========================== logs ===========================
waiting for selector "//*[@id="root"]/div/div[2]/main/div[3]/div/div[1]/ul/button[2]"
============================================================
  name='TimeoutError
  stack='TimeoutError: Timeout 60000ms exceeded.
=========================== logs ===========================
waiting for selector "//*[@id="root"]/div/div[2]/main/div[3]/div/div[1]/ul/button[2]"
============================================================
    at ProgressController.run (C:\Users\jashaik\AppData\Local\Temp\playwright-java-5376866736254237440\package\lib\server\progress.js:96:26)
    at Frame.click (C:\Users\jashaik\AppData\Local\Temp\playwright-java-5376866736254237440\package\lib\server\frames.js:1111:23)
    at FrameDispatcher.click (C:\Users\jashaik\AppData\Local\Temp\playwright-java-5376866736254237440\package\lib\dispatchers\frameDispatcher.js:166:30)
    at DispatcherConnection.dispatch (C:\Users\jashaik\AppData\Local\Temp\playwright-java-5376866736254237440\package\lib\dispatchers\dispatcher.js:352:46)
}
at com.microsoft.playwright.impl.WaitableResult.get(WaitableResult.java:52)
at com.microsoft.playwright.impl.ChannelOwner.runUntil(ChannelOwner.java:103)
at com.microsoft.playwright.impl.Connection.sendMessage(Connection.java:105)
at com.microsoft.playwright.impl.ChannelOwner.sendMessage(ChannelOwner.java:94)
at com.microsoft.playwright.impl.FrameImpl.clickImpl(FrameImpl.java:255)
at com.microsoft.playwright.impl.FrameImpl.lambda$click$9(FrameImpl.java:246)
at com.microsoft.playwright.impl.LoggingSupport.lambda$withLogging$0(LoggingSupport.java:36)
at com.microsoft.playwright.impl.LoggingSupport.withLogging(LoggingSupport.java:47)
at com.microsoft.playwright.impl.ChannelOwner.withLogging(ChannelOwner.java:79)
at com.microsoft.playwright.impl.LoggingSupport.withLogging(LoggingSupport.java:35)
at com.microsoft.playwright.impl.FrameImpl.click(FrameImpl.java:246)
at com.microsoft.playwright.impl.LocatorImpl.click(LocatorImpl.java:100)
at com.microsoft.playwright.Locator.click(Locator.java:1648)
at com.informatica.pages.ApiDetailsPolicyPage.clickPoliciesTab(ApiDetailsPolicyPage.java:32)
at com.informatica.tests.RateLimitTest.verifyRateLimitPolicy(RateLimitTest.java:134)
at com.informatica.tests.RateLimitTest.verifyRateLimitPolicyAppliedToBasicApi(RateLimitTest.java:184)
at java.base/java.util.concurrent.FutureTask.run(FutureTask.java:264)
at java.base/java.util.concurrent.ThreadPoolExecutor.runWorker(ThreadPoolExecutor.java:1136)
at java.base/java.util.concurrent.ThreadPoolExecutor$Worker.run(ThreadPoolExecutor.java:635)
at java.base/java.lang.Thread.run(Thread.java:833)
Caused by: com.microsoft.playwright.TimeoutError: Error {
  message='Timeout 60000ms exceeded.
=========================== logs ===========================
waiting for selector "//*[@id="root"]/div/div[2]/main/div[3]/div/div[1]/ul/button[2]"
============================================================
  name='TimeoutError
  stack='TimeoutError: Timeout 60000ms exceeded.
=========================== logs ===========================
waiting for selector "//*[@id="root"]/div/div[2]/main/div[3]/div/div[1]/ul/button[2]"
============================================================
    at ProgressController.run (C:\Users\jashaik\AppData\Local\Temp\playwright-java-5376866736254237440\package\lib\server\progress.js:96:26)
    at Frame.click (C:\Users\jashaik\AppData\Local\Temp\playwright-java-5376866736254237440\package\lib\server\frames.js:1111:23)
    at FrameDispatcher.click (C:\Users\jashaik\AppData\Local\Temp\playwright-java-5376866736254237440\package\lib\dispatchers\frameDispatcher.js:166:30)
    at DispatcherConnection.dispatch (C:\Users\jashaik\AppData\Local\Temp\playwright-java-5376866736254237440\package\lib\dispatchers\dispatcher.js:352:46)
}
at com.microsoft.playwright.impl.Connection.dispatch(Connection.java:181)
at com.microsoft.playwright.impl.Connection.processOneMessage(Connection.java:163)
at com.microsoft.playwright.impl.ChannelOwner.runUntil(ChannelOwner.java:101)
... 34 more
... Removed 16 stack frames]]>
    </failure>
  </testcase> <!-- verifyRateLimitPolicyAppliedToBasicApi -->
</testsuite> <!-- RateLimit -->
