<?xml version="1.0" encoding="UTF-8"?>
<testng-results ignored="3" total="53" passed="16" failed="24" skipped="10">
  <reporter-output>
  </reporter-output>
  <suite started-at="2022-12-15T17:56:52Z" name="APIM Tests" finished-at="2022-12-15T18:09:35Z" duration-ms="763059">
    <groups>
    </groups>
    <test started-at="2022-12-15T17:56:52Z" name="IICS_Login" finished-at="2022-12-15T17:57:27Z" duration-ms="34970">
      <class name="com.informatica.tests.LoginTest">
        <test-method is-config="true" signature="init()[pri:0, instance:com.informatica.tests.LoginTest@4f0100a7]" started-at="2022-12-15T17:56:52Z" name="init" finished-at="2022-12-15T17:57:18Z" duration-ms="26596" status="PASS">
          <reporter-output>
          </reporter-output>
        </test-method> <!-- init -->
        <test-method is-config="true" signature="register(java.lang.reflect.Method)[pri:0, instance:com.informatica.tests.LoginTest@4f0100a7]" started-at="2022-12-15T17:57:18Z" name="register" finished-at="2022-12-15T17:57:18Z" duration-ms="18" status="PASS">
          <params>
            <param index="0">
              <value>
                <![CDATA[public void com.informatica.tests.LoginTest.validateIICSLogin(java.lang.Object)]]>
              </value>
            </param>
          </params>
          <reporter-output>
          </reporter-output>
        </test-method> <!-- register -->
        <test-method signature="validateIICSLogin(java.lang.Object)[pri:1, instance:com.informatica.tests.LoginTest@4f0100a7]" started-at="2022-12-15T17:57:18Z" name="validateIICSLogin" data-provider="getData" finished-at="2022-12-15T17:57:20Z" duration-ms="2218" status="PASS">
          <params>
            <param index="0">
              <value>
                <![CDATA[{Additional Details=Processname=Employee,GroupName=grp1, TestMethodName=validateIICSLogin, Description=Test case to validate user logged into IICS, IsRun=Yes, JIRA_KEY=-}]]>
              </value>
            </param>
          </params>
          <reporter-output>
          </reporter-output>
        </test-method> <!-- validateIICSLogin -->
        <test-method is-config="true" signature="captureStatus(org.testng.ITestResult)[pri:0, instance:com.informatica.tests.LoginTest@4f0100a7]" started-at="2022-12-15T17:57:20Z" name="captureStatus" finished-at="2022-12-15T17:57:20Z" duration-ms="1" status="PASS">
          <params>
            <param index="0">
              <value>
                <![CDATA[[TestResult name=validateIICSLogin status=SUCCESS method=LoginTest.validateIICSLogin(java.lang.Object)[pri:1, instance:com.informatica.tests.LoginTest@4f0100a7] output={null}]]]>
              </value>
            </param>
          </params>
          <reporter-output>
          </reporter-output>
        </test-method> <!-- captureStatus -->
        <test-method is-config="true" signature="register(java.lang.reflect.Method)[pri:0, instance:com.informatica.tests.LoginTest@4f0100a7]" started-at="2022-12-15T17:57:20Z" name="register" finished-at="2022-12-15T17:57:20Z" duration-ms="0" status="PASS">
          <params>
            <param index="0">
              <value>
                <![CDATA[public void com.informatica.tests.LoginTest.valdiateAPIMChiklet()]]>
              </value>
            </param>
          </params>
          <reporter-output>
          </reporter-output>
        </test-method> <!-- register -->
        <test-method signature="valdiateAPIMChiklet()[pri:2, instance:com.informatica.tests.LoginTest@4f0100a7]" started-at="2022-12-15T17:57:20Z" name="valdiateAPIMChiklet" finished-at="2022-12-15T17:57:24Z" duration-ms="3238" status="PASS">
          <reporter-output>
          </reporter-output>
        </test-method> <!-- valdiateAPIMChiklet -->
        <test-method is-config="true" signature="captureStatus(org.testng.ITestResult)[pri:0, instance:com.informatica.tests.LoginTest@4f0100a7]" started-at="2022-12-15T17:57:24Z" name="captureStatus" finished-at="2022-12-15T17:57:24Z" duration-ms="2" status="PASS">
          <params>
            <param index="0">
              <value>
                <![CDATA[[TestResult name=valdiateAPIMChiklet status=SUCCESS method=LoginTest.valdiateAPIMChiklet()[pri:2, instance:com.informatica.tests.LoginTest@4f0100a7] output={null}]]]>
              </value>
            </param>
          </params>
          <reporter-output>
          </reporter-output>
        </test-method> <!-- captureStatus -->
        <test-method is-config="true" signature="tearDown()[pri:0, instance:com.informatica.tests.LoginTest@4f0100a7]" started-at="2022-12-15T17:57:24Z" name="tearDown" finished-at="2022-12-15T17:57:27Z" duration-ms="2796" status="PASS">
          <reporter-output>
          </reporter-output>
        </test-method> <!-- tearDown -->
      </class> <!-- com.informatica.tests.LoginTest -->
    </test> <!-- IICS_Login -->
    <test started-at="2022-12-15T17:56:52Z" name="API_Groups" finished-at="2022-12-15T17:58:26Z" duration-ms="94270">
      <class name="com.informatica.tests.APIGroupsTest">
        <test-method is-config="true" signature="init()[pri:0, instance:com.informatica.tests.APIGroupsTest@1608bcbd]" started-at="2022-12-15T17:56:52Z" name="init" finished-at="2022-12-15T17:58:25Z" duration-ms="93029" status="FAIL">
          <exception class="com.microsoft.playwright.TimeoutError">
            <message>
              <![CDATA[Timeout 60000ms exceeded]]>
            </message>
            <full-stacktrace>
              <![CDATA[com.microsoft.playwright.TimeoutError: Timeout 60000ms exceeded
at com.microsoft.playwright.impl.WaitableTimeout.get(WaitableTimeout.java:41)
at com.microsoft.playwright.impl.WaitableRace.get(WaitableRace.java:44)
at com.microsoft.playwright.impl.ChannelOwner.runUntil(ChannelOwner.java:103)
at com.microsoft.playwright.impl.FrameImpl.waitForLoadStateImpl(FrameImpl.java:825)
at com.microsoft.playwright.impl.FrameImpl.waitForLoadStateImpl(FrameImpl.java:810)
at com.microsoft.playwright.impl.PageImpl.lambda$waitForLoadState$69(PageImpl.java:1260)
at com.microsoft.playwright.impl.WaitForEventLogger.get(WaitForEventLogger.java:46)
at com.microsoft.playwright.impl.ChannelOwner.withWaitLogging(ChannelOwner.java:72)
at com.microsoft.playwright.impl.PageImpl.waitForLoadState(PageImpl.java:1259)
at com.microsoft.playwright.Page.waitForLoadState(Page.java:6025)
at com.informatica.pages.LoginPage.ClickonAPIMChiklet(LoginPage.java:50)
at com.informatica.tests.APIGroupsTest.init(APIGroupsTest.java:39)
at java.base/jdk.internal.reflect.NativeMethodAccessorImpl.invoke0(Native Method)
at java.base/jdk.internal.reflect.NativeMethodAccessorImpl.invoke(NativeMethodAccessorImpl.java:77)
at java.base/jdk.internal.reflect.DelegatingMethodAccessorImpl.invoke(DelegatingMethodAccessorImpl.java:43)
at java.base/java.lang.reflect.Method.invoke(Method.java:568)
at org.testng.internal.MethodInvocationHelper.invokeMethod(MethodInvocationHelper.java:124)
at org.testng.internal.MethodInvocationHelper.invokeMethodConsideringTimeout(MethodInvocationHelper.java:59)
at org.testng.internal.Invoker.invokeConfigurationMethod(Invoker.java:458)
at org.testng.internal.Invoker.invokeConfigurations(Invoker.java:222)
at org.testng.internal.Invoker.invokeConfigurations(Invoker.java:142)
at org.testng.TestRunner.beforeRun(TestRunner.java:529)
at org.testng.TestRunner.run(TestRunner.java:497)
at org.testng.SuiteRunner.runTest(SuiteRunner.java:455)
at org.testng.SuiteRunner.access$000(SuiteRunner.java:40)
at org.testng.SuiteRunner$SuiteWorker.run(SuiteRunner.java:489)
at org.testng.internal.thread.ThreadUtil$1.call(ThreadUtil.java:52)
at java.base/java.util.concurrent.FutureTask.run(FutureTask.java:264)
at java.base/java.util.concurrent.ThreadPoolExecutor.runWorker(ThreadPoolExecutor.java:1136)
at java.base/java.util.concurrent.ThreadPoolExecutor$Worker.run(ThreadPoolExecutor.java:635)
at java.base/java.lang.Thread.run(Thread.java:833)
]]>
            </full-stacktrace>
          </exception> <!-- com.microsoft.playwright.TimeoutError -->
          <reporter-output>
          </reporter-output>
        </test-method> <!-- init -->
        <test-method is-config="true" signature="register(java.lang.reflect.Method)[pri:0, instance:com.informatica.tests.APIGroupsTest@1608bcbd]" started-at="2022-12-15T17:58:25Z" name="register" finished-at="2022-12-15T17:58:25Z" duration-ms="0" status="PASS">
          <params>
            <param index="0">
              <value>
                <![CDATA[public void com.informatica.tests.APIGroupsTest.validateUserNavigatedtoAPiGroups()]]>
              </value>
            </param>
          </params>
          <reporter-output>
          </reporter-output>
        </test-method> <!-- register -->
        <test-method signature="validateUserNavigatedtoAPiGroups()[pri:1, instance:com.informatica.tests.APIGroupsTest@1608bcbd]" started-at="2022-12-15T17:58:25Z" name="validateUserNavigatedtoAPiGroups" finished-at="2022-12-15T17:58:25Z" duration-ms="0" status="SKIP">
          <exception class="com.microsoft.playwright.TimeoutError">
            <message>
              <![CDATA[Timeout 60000ms exceeded]]>
            </message>
            <full-stacktrace>
              <![CDATA[com.microsoft.playwright.TimeoutError: Timeout 60000ms exceeded
at com.microsoft.playwright.impl.WaitableTimeout.get(WaitableTimeout.java:41)
at com.microsoft.playwright.impl.WaitableRace.get(WaitableRace.java:44)
at com.microsoft.playwright.impl.ChannelOwner.runUntil(ChannelOwner.java:103)
at com.microsoft.playwright.impl.FrameImpl.waitForLoadStateImpl(FrameImpl.java:825)
at com.microsoft.playwright.impl.FrameImpl.waitForLoadStateImpl(FrameImpl.java:810)
at com.microsoft.playwright.impl.PageImpl.lambda$waitForLoadState$69(PageImpl.java:1260)
at com.microsoft.playwright.impl.WaitForEventLogger.get(WaitForEventLogger.java:46)
at com.microsoft.playwright.impl.ChannelOwner.withWaitLogging(ChannelOwner.java:72)
at com.microsoft.playwright.impl.PageImpl.waitForLoadState(PageImpl.java:1259)
at com.microsoft.playwright.Page.waitForLoadState(Page.java:6025)
at com.informatica.pages.LoginPage.ClickonAPIMChiklet(LoginPage.java:50)
at com.informatica.tests.APIGroupsTest.init(APIGroupsTest.java:39)
at java.base/jdk.internal.reflect.NativeMethodAccessorImpl.invoke0(Native Method)
at java.base/jdk.internal.reflect.NativeMethodAccessorImpl.invoke(NativeMethodAccessorImpl.java:77)
at java.base/jdk.internal.reflect.DelegatingMethodAccessorImpl.invoke(DelegatingMethodAccessorImpl.java:43)
at java.base/java.lang.reflect.Method.invoke(Method.java:568)
at org.testng.internal.MethodInvocationHelper.invokeMethod(MethodInvocationHelper.java:124)
at org.testng.internal.MethodInvocationHelper.invokeMethodConsideringTimeout(MethodInvocationHelper.java:59)
at org.testng.internal.Invoker.invokeConfigurationMethod(Invoker.java:458)
at org.testng.internal.Invoker.invokeConfigurations(Invoker.java:222)
at org.testng.internal.Invoker.invokeConfigurations(Invoker.java:142)
at org.testng.TestRunner.beforeRun(TestRunner.java:529)
at org.testng.TestRunner.run(TestRunner.java:497)
at org.testng.SuiteRunner.runTest(SuiteRunner.java:455)
at org.testng.SuiteRunner.access$000(SuiteRunner.java:40)
at org.testng.SuiteRunner$SuiteWorker.run(SuiteRunner.java:489)
at org.testng.internal.thread.ThreadUtil$1.call(ThreadUtil.java:52)
at java.base/java.util.concurrent.FutureTask.run(FutureTask.java:264)
at java.base/java.util.concurrent.ThreadPoolExecutor.runWorker(ThreadPoolExecutor.java:1136)
at java.base/java.util.concurrent.ThreadPoolExecutor$Worker.run(ThreadPoolExecutor.java:635)
at java.base/java.lang.Thread.run(Thread.java:833)
]]>
            </full-stacktrace>
          </exception> <!-- com.microsoft.playwright.TimeoutError -->
          <reporter-output>
          </reporter-output>
        </test-method> <!-- validateUserNavigatedtoAPiGroups -->
        <test-method is-config="true" signature="captureStatus(org.testng.ITestResult)[pri:0, instance:com.informatica.tests.APIGroupsTest@1608bcbd]" started-at="2022-12-15T17:58:25Z" name="captureStatus" finished-at="2022-12-15T17:58:25Z" duration-ms="1" status="PASS">
          <params>
            <param index="0">
              <value>
                <![CDATA[[TestResult name={null} status=CREATED method=APIGroupsTest.validateUserNavigatedtoAPiGroups()[pri:1, instance:com.informatica.tests.APIGroupsTest@1608bcbd] output={null}]]]>
              </value>
            </param>
          </params>
          <reporter-output>
          </reporter-output>
        </test-method> <!-- captureStatus -->
        <test-method is-config="true" signature="register(java.lang.reflect.Method)[pri:0, instance:com.informatica.tests.APIGroupsTest@1608bcbd]" started-at="2022-12-15T17:58:25Z" name="register" finished-at="2022-12-15T17:58:25Z" duration-ms="1" status="PASS">
          <params>
            <param index="0">
              <value>
                <![CDATA[public void com.informatica.tests.APIGroupsTest.ValidateHeadersAPiGroups()]]>
              </value>
            </param>
          </params>
          <reporter-output>
          </reporter-output>
        </test-method> <!-- register -->
        <test-method signature="ValidateHeadersAPiGroups()[pri:2, instance:com.informatica.tests.APIGroupsTest@1608bcbd]" started-at="2022-12-15T17:58:25Z" name="ValidateHeadersAPiGroups" finished-at="2022-12-15T17:58:25Z" duration-ms="0" status="SKIP">
          <exception class="com.microsoft.playwright.TimeoutError">
            <message>
              <![CDATA[Timeout 60000ms exceeded]]>
            </message>
            <full-stacktrace>
              <![CDATA[com.microsoft.playwright.TimeoutError: Timeout 60000ms exceeded
at com.microsoft.playwright.impl.WaitableTimeout.get(WaitableTimeout.java:41)
at com.microsoft.playwright.impl.WaitableRace.get(WaitableRace.java:44)
at com.microsoft.playwright.impl.ChannelOwner.runUntil(ChannelOwner.java:103)
at com.microsoft.playwright.impl.FrameImpl.waitForLoadStateImpl(FrameImpl.java:825)
at com.microsoft.playwright.impl.FrameImpl.waitForLoadStateImpl(FrameImpl.java:810)
at com.microsoft.playwright.impl.PageImpl.lambda$waitForLoadState$69(PageImpl.java:1260)
at com.microsoft.playwright.impl.WaitForEventLogger.get(WaitForEventLogger.java:46)
at com.microsoft.playwright.impl.ChannelOwner.withWaitLogging(ChannelOwner.java:72)
at com.microsoft.playwright.impl.PageImpl.waitForLoadState(PageImpl.java:1259)
at com.microsoft.playwright.Page.waitForLoadState(Page.java:6025)
at com.informatica.pages.LoginPage.ClickonAPIMChiklet(LoginPage.java:50)
at com.informatica.tests.APIGroupsTest.init(APIGroupsTest.java:39)
at java.base/jdk.internal.reflect.NativeMethodAccessorImpl.invoke0(Native Method)
at java.base/jdk.internal.reflect.NativeMethodAccessorImpl.invoke(NativeMethodAccessorImpl.java:77)
at java.base/jdk.internal.reflect.DelegatingMethodAccessorImpl.invoke(DelegatingMethodAccessorImpl.java:43)
at java.base/java.lang.reflect.Method.invoke(Method.java:568)
at org.testng.internal.MethodInvocationHelper.invokeMethod(MethodInvocationHelper.java:124)
at org.testng.internal.MethodInvocationHelper.invokeMethodConsideringTimeout(MethodInvocationHelper.java:59)
at org.testng.internal.Invoker.invokeConfigurationMethod(Invoker.java:458)
at org.testng.internal.Invoker.invokeConfigurations(Invoker.java:222)
at org.testng.internal.Invoker.invokeConfigurations(Invoker.java:142)
at org.testng.TestRunner.beforeRun(TestRunner.java:529)
at org.testng.TestRunner.run(TestRunner.java:497)
at org.testng.SuiteRunner.runTest(SuiteRunner.java:455)
at org.testng.SuiteRunner.access$000(SuiteRunner.java:40)
at org.testng.SuiteRunner$SuiteWorker.run(SuiteRunner.java:489)
at org.testng.internal.thread.ThreadUtil$1.call(ThreadUtil.java:52)
at java.base/java.util.concurrent.FutureTask.run(FutureTask.java:264)
at java.base/java.util.concurrent.ThreadPoolExecutor.runWorker(ThreadPoolExecutor.java:1136)
at java.base/java.util.concurrent.ThreadPoolExecutor$Worker.run(ThreadPoolExecutor.java:635)
at java.base/java.lang.Thread.run(Thread.java:833)
]]>
            </full-stacktrace>
          </exception> <!-- com.microsoft.playwright.TimeoutError -->
          <reporter-output>
          </reporter-output>
        </test-method> <!-- ValidateHeadersAPiGroups -->
        <test-method is-config="true" signature="captureStatus(org.testng.ITestResult)[pri:0, instance:com.informatica.tests.APIGroupsTest@1608bcbd]" started-at="2022-12-15T17:58:25Z" name="captureStatus" finished-at="2022-12-15T17:58:25Z" duration-ms="1" status="PASS">
          <params>
            <param index="0">
              <value>
                <![CDATA[[TestResult name={null} status=CREATED method=APIGroupsTest.ValidateHeadersAPiGroups()[pri:2, instance:com.informatica.tests.APIGroupsTest@1608bcbd] output={null}]]]>
              </value>
            </param>
          </params>
          <reporter-output>
          </reporter-output>
        </test-method> <!-- captureStatus -->
        <test-method is-config="true" signature="register(java.lang.reflect.Method)[pri:0, instance:com.informatica.tests.APIGroupsTest@1608bcbd]" started-at="2022-12-15T17:58:25Z" name="register" finished-at="2022-12-15T17:58:25Z" duration-ms="0" status="PASS">
          <params>
            <param index="0">
              <value>
                <![CDATA[public void com.informatica.tests.APIGroupsTest.validateCreateAPIGroupWithContext(java.lang.Object)]]>
              </value>
            </param>
          </params>
          <reporter-output>
          </reporter-output>
        </test-method> <!-- register -->
        <test-method signature="validateCreateAPIGroupWithContext(java.lang.Object)[pri:7, instance:com.informatica.tests.APIGroupsTest@1608bcbd]" started-at="2022-12-15T17:58:25Z" name="validateCreateAPIGroupWithContext" data-provider="getData" finished-at="2022-12-15T17:58:25Z" duration-ms="0" status="SKIP">
          <exception class="com.microsoft.playwright.TimeoutError">
            <message>
              <![CDATA[Timeout 60000ms exceeded]]>
            </message>
            <full-stacktrace>
              <![CDATA[com.microsoft.playwright.TimeoutError: Timeout 60000ms exceeded
at com.microsoft.playwright.impl.WaitableTimeout.get(WaitableTimeout.java:41)
at com.microsoft.playwright.impl.WaitableRace.get(WaitableRace.java:44)
at com.microsoft.playwright.impl.ChannelOwner.runUntil(ChannelOwner.java:103)
at com.microsoft.playwright.impl.FrameImpl.waitForLoadStateImpl(FrameImpl.java:825)
at com.microsoft.playwright.impl.FrameImpl.waitForLoadStateImpl(FrameImpl.java:810)
at com.microsoft.playwright.impl.PageImpl.lambda$waitForLoadState$69(PageImpl.java:1260)
at com.microsoft.playwright.impl.WaitForEventLogger.get(WaitForEventLogger.java:46)
at com.microsoft.playwright.impl.ChannelOwner.withWaitLogging(ChannelOwner.java:72)
at com.microsoft.playwright.impl.PageImpl.waitForLoadState(PageImpl.java:1259)
at com.microsoft.playwright.Page.waitForLoadState(Page.java:6025)
at com.informatica.pages.LoginPage.ClickonAPIMChiklet(LoginPage.java:50)
at com.informatica.tests.APIGroupsTest.init(APIGroupsTest.java:39)
at java.base/jdk.internal.reflect.NativeMethodAccessorImpl.invoke0(Native Method)
at java.base/jdk.internal.reflect.NativeMethodAccessorImpl.invoke(NativeMethodAccessorImpl.java:77)
at java.base/jdk.internal.reflect.DelegatingMethodAccessorImpl.invoke(DelegatingMethodAccessorImpl.java:43)
at java.base/java.lang.reflect.Method.invoke(Method.java:568)
at org.testng.internal.MethodInvocationHelper.invokeMethod(MethodInvocationHelper.java:124)
at org.testng.internal.MethodInvocationHelper.invokeMethodConsideringTimeout(MethodInvocationHelper.java:59)
at org.testng.internal.Invoker.invokeConfigurationMethod(Invoker.java:458)
at org.testng.internal.Invoker.invokeConfigurations(Invoker.java:222)
at org.testng.internal.Invoker.invokeConfigurations(Invoker.java:142)
at org.testng.TestRunner.beforeRun(TestRunner.java:529)
at org.testng.TestRunner.run(TestRunner.java:497)
at org.testng.SuiteRunner.runTest(SuiteRunner.java:455)
at org.testng.SuiteRunner.access$000(SuiteRunner.java:40)
at org.testng.SuiteRunner$SuiteWorker.run(SuiteRunner.java:489)
at org.testng.internal.thread.ThreadUtil$1.call(ThreadUtil.java:52)
at java.base/java.util.concurrent.FutureTask.run(FutureTask.java:264)
at java.base/java.util.concurrent.ThreadPoolExecutor.runWorker(ThreadPoolExecutor.java:1136)
at java.base/java.util.concurrent.ThreadPoolExecutor$Worker.run(ThreadPoolExecutor.java:635)
at java.base/java.lang.Thread.run(Thread.java:833)
]]>
            </full-stacktrace>
          </exception> <!-- com.microsoft.playwright.TimeoutError -->
          <reporter-output>
          </reporter-output>
        </test-method> <!-- validateCreateAPIGroupWithContext -->
        <test-method is-config="true" signature="captureStatus(org.testng.ITestResult)[pri:0, instance:com.informatica.tests.APIGroupsTest@1608bcbd]" started-at="2022-12-15T17:58:25Z" name="captureStatus" finished-at="2022-12-15T17:58:25Z" duration-ms="0" status="PASS">
          <params>
            <param index="0">
              <value>
                <![CDATA[[TestResult name={null} status=CREATED method=APIGroupsTest.validateCreateAPIGroupWithContext(java.lang.Object)[pri:7, instance:com.informatica.tests.APIGroupsTest@1608bcbd] output={null}]]]>
              </value>
            </param>
          </params>
          <reporter-output>
          </reporter-output>
        </test-method> <!-- captureStatus -->
        <test-method is-config="true" signature="register(java.lang.reflect.Method)[pri:0, instance:com.informatica.tests.APIGroupsTest@1608bcbd]" started-at="2022-12-15T17:58:25Z" name="register" finished-at="2022-12-15T17:58:25Z" duration-ms="1" status="PASS">
          <params>
            <param index="0">
              <value>
                <![CDATA[public void com.informatica.tests.APIGroupsTest.validateCreateAPIGroupWithOutContext(java.lang.Object)]]>
              </value>
            </param>
          </params>
          <reporter-output>
          </reporter-output>
        </test-method> <!-- register -->
        <test-method is-config="true" signature="captureStatus(org.testng.ITestResult)[pri:0, instance:com.informatica.tests.APIGroupsTest@1608bcbd]" started-at="2022-12-15T17:58:25Z" name="captureStatus" finished-at="2022-12-15T17:58:25Z" duration-ms="1" status="PASS">
          <params>
            <param index="0">
              <value>
                <![CDATA[[TestResult name={null} status=CREATED method=APIGroupsTest.validateCreateAPIGroupWithOutContext(java.lang.Object)[pri:8, instance:com.informatica.tests.APIGroupsTest@1608bcbd] output={null}]]]>
              </value>
            </param>
          </params>
          <reporter-output>
          </reporter-output>
        </test-method> <!-- captureStatus -->
        <test-method signature="validateCreateAPIGroupWithOutContext(java.lang.Object)[pri:8, instance:com.informatica.tests.APIGroupsTest@1608bcbd]" started-at="2022-12-15T17:58:25Z" name="validateCreateAPIGroupWithOutContext" data-provider="getData" finished-at="2022-12-15T17:58:25Z" duration-ms="0" status="SKIP">
          <exception class="com.microsoft.playwright.TimeoutError">
            <message>
              <![CDATA[Timeout 60000ms exceeded]]>
            </message>
            <full-stacktrace>
              <![CDATA[com.microsoft.playwright.TimeoutError: Timeout 60000ms exceeded
at com.microsoft.playwright.impl.WaitableTimeout.get(WaitableTimeout.java:41)
at com.microsoft.playwright.impl.WaitableRace.get(WaitableRace.java:44)
at com.microsoft.playwright.impl.ChannelOwner.runUntil(ChannelOwner.java:103)
at com.microsoft.playwright.impl.FrameImpl.waitForLoadStateImpl(FrameImpl.java:825)
at com.microsoft.playwright.impl.FrameImpl.waitForLoadStateImpl(FrameImpl.java:810)
at com.microsoft.playwright.impl.PageImpl.lambda$waitForLoadState$69(PageImpl.java:1260)
at com.microsoft.playwright.impl.WaitForEventLogger.get(WaitForEventLogger.java:46)
at com.microsoft.playwright.impl.ChannelOwner.withWaitLogging(ChannelOwner.java:72)
at com.microsoft.playwright.impl.PageImpl.waitForLoadState(PageImpl.java:1259)
at com.microsoft.playwright.Page.waitForLoadState(Page.java:6025)
at com.informatica.pages.LoginPage.ClickonAPIMChiklet(LoginPage.java:50)
at com.informatica.tests.APIGroupsTest.init(APIGroupsTest.java:39)
at java.base/jdk.internal.reflect.NativeMethodAccessorImpl.invoke0(Native Method)
at java.base/jdk.internal.reflect.NativeMethodAccessorImpl.invoke(NativeMethodAccessorImpl.java:77)
at java.base/jdk.internal.reflect.DelegatingMethodAccessorImpl.invoke(DelegatingMethodAccessorImpl.java:43)
at java.base/java.lang.reflect.Method.invoke(Method.java:568)
at org.testng.internal.MethodInvocationHelper.invokeMethod(MethodInvocationHelper.java:124)
at org.testng.internal.MethodInvocationHelper.invokeMethodConsideringTimeout(MethodInvocationHelper.java:59)
at org.testng.internal.Invoker.invokeConfigurationMethod(Invoker.java:458)
at org.testng.internal.Invoker.invokeConfigurations(Invoker.java:222)
at org.testng.internal.Invoker.invokeConfigurations(Invoker.java:142)
at org.testng.TestRunner.beforeRun(TestRunner.java:529)
at org.testng.TestRunner.run(TestRunner.java:497)
at org.testng.SuiteRunner.runTest(SuiteRunner.java:455)
at org.testng.SuiteRunner.access$000(SuiteRunner.java:40)
at org.testng.SuiteRunner$SuiteWorker.run(SuiteRunner.java:489)
at org.testng.internal.thread.ThreadUtil$1.call(ThreadUtil.java:52)
at java.base/java.util.concurrent.FutureTask.run(FutureTask.java:264)
at java.base/java.util.concurrent.ThreadPoolExecutor.runWorker(ThreadPoolExecutor.java:1136)
at java.base/java.util.concurrent.ThreadPoolExecutor$Worker.run(ThreadPoolExecutor.java:635)
at java.base/java.lang.Thread.run(Thread.java:833)
]]>
            </full-stacktrace>
          </exception> <!-- com.microsoft.playwright.TimeoutError -->
          <reporter-output>
          </reporter-output>
        </test-method> <!-- validateCreateAPIGroupWithOutContext -->
        <test-method signature="validateRenameAPIGroup(java.lang.Object)[pri:9, instance:com.informatica.tests.APIGroupsTest@1608bcbd]" started-at="2022-12-15T17:58:25Z" name="validateRenameAPIGroup" data-provider="getData" finished-at="2022-12-15T17:58:25Z" depends-on-methods="com.informatica.tests.APIGroupsTest.validateCreateAPIGroupWithContext" duration-ms="0" status="SKIP">
          <exception class="java.lang.Throwable">
            <message>
              <![CDATA[Method APIGroupsTest.validateRenameAPIGroup(java.lang.Object)[pri:9, instance:com.informatica.tests.APIGroupsTest@1608bcbd] depends on not successfully finished methods]]>
            </message>
            <full-stacktrace>
              <![CDATA[java.lang.Throwable: Method APIGroupsTest.validateRenameAPIGroup(java.lang.Object)[pri:9, instance:com.informatica.tests.APIGroupsTest@1608bcbd] depends on not successfully finished methods
at org.testng.internal.Invoker.invokeTestMethods(Invoker.java:888)
at org.testng.internal.TestMethodWorker.invokeTestMethods(TestMethodWorker.java:125)
at org.testng.internal.TestMethodWorker.run(TestMethodWorker.java:109)
at org.testng.TestRunner.privateRun(TestRunner.java:648)
at org.testng.TestRunner.run(TestRunner.java:505)
at org.testng.SuiteRunner.runTest(SuiteRunner.java:455)
at org.testng.SuiteRunner.access$000(SuiteRunner.java:40)
at org.testng.SuiteRunner$SuiteWorker.run(SuiteRunner.java:489)
at org.testng.internal.thread.ThreadUtil$1.call(ThreadUtil.java:52)
at java.base/java.util.concurrent.FutureTask.run(FutureTask.java:264)
at java.base/java.util.concurrent.ThreadPoolExecutor.runWorker(ThreadPoolExecutor.java:1136)
at java.base/java.util.concurrent.ThreadPoolExecutor$Worker.run(ThreadPoolExecutor.java:635)
at java.base/java.lang.Thread.run(Thread.java:833)
]]>
            </full-stacktrace>
          </exception> <!-- java.lang.Throwable -->
          <reporter-output>
          </reporter-output>
        </test-method> <!-- validateRenameAPIGroup -->
        <test-method signature="validateRemoveAPIGroup(java.lang.Object)[pri:10, instance:com.informatica.tests.APIGroupsTest@1608bcbd]" started-at="2022-12-15T17:58:25Z" name="validateRemoveAPIGroup" data-provider="getData" finished-at="2022-12-15T17:58:25Z" depends-on-methods="com.informatica.tests.APIGroupsTest.validateCreateAPIGroupWithContext" duration-ms="0" status="SKIP">
          <exception class="java.lang.Throwable">
            <message>
              <![CDATA[Method APIGroupsTest.validateRemoveAPIGroup(java.lang.Object)[pri:10, instance:com.informatica.tests.APIGroupsTest@1608bcbd] depends on not successfully finished methods]]>
            </message>
            <full-stacktrace>
              <![CDATA[java.lang.Throwable: Method APIGroupsTest.validateRemoveAPIGroup(java.lang.Object)[pri:10, instance:com.informatica.tests.APIGroupsTest@1608bcbd] depends on not successfully finished methods
at org.testng.internal.Invoker.invokeTestMethods(Invoker.java:888)
at org.testng.internal.TestMethodWorker.invokeTestMethods(TestMethodWorker.java:125)
at org.testng.internal.TestMethodWorker.run(TestMethodWorker.java:109)
at org.testng.TestRunner.privateRun(TestRunner.java:648)
at org.testng.TestRunner.run(TestRunner.java:505)
at org.testng.SuiteRunner.runTest(SuiteRunner.java:455)
at org.testng.SuiteRunner.access$000(SuiteRunner.java:40)
at org.testng.SuiteRunner$SuiteWorker.run(SuiteRunner.java:489)
at org.testng.internal.thread.ThreadUtil$1.call(ThreadUtil.java:52)
at java.base/java.util.concurrent.FutureTask.run(FutureTask.java:264)
at java.base/java.util.concurrent.ThreadPoolExecutor.runWorker(ThreadPoolExecutor.java:1136)
at java.base/java.util.concurrent.ThreadPoolExecutor$Worker.run(ThreadPoolExecutor.java:635)
at java.base/java.lang.Thread.run(Thread.java:833)
]]>
            </full-stacktrace>
          </exception> <!-- java.lang.Throwable -->
          <reporter-output>
          </reporter-output>
        </test-method> <!-- validateRemoveAPIGroup -->
        <test-method is-config="true" signature="tearDown()[pri:0, instance:com.informatica.tests.APIGroupsTest@1608bcbd]" started-at="2022-12-15T17:58:25Z" name="tearDown" finished-at="2022-12-15T17:58:26Z" duration-ms="1222" status="FAIL">
          <exception class="com.microsoft.playwright.PlaywrightException">
            <message>
              <![CDATA[Failed to read message from driver, pipe closed.]]>
            </message>
            <full-stacktrace>
              <![CDATA[com.microsoft.playwright.PlaywrightException: Failed to read message from driver, pipe closed.
at com.microsoft.playwright.impl.PipeTransport.poll(PipeTransport.java:75)
at com.microsoft.playwright.impl.Connection.processOneMessage(Connection.java:157)
at com.microsoft.playwright.impl.ChannelOwner.runUntil(ChannelOwner.java:101)
at com.microsoft.playwright.impl.Connection.sendMessage(Connection.java:105)
at com.microsoft.playwright.impl.ChannelOwner.sendMessage(ChannelOwner.java:94)
at com.microsoft.playwright.impl.ChannelOwner.sendMessage(ChannelOwner.java:90)
at com.microsoft.playwright.impl.BrowserContextImpl.closeImpl(BrowserContextImpl.java:196)
at com.microsoft.playwright.impl.BrowserContextImpl.lambda$close$1(BrowserContextImpl.java:170)
at com.microsoft.playwright.impl.LoggingSupport.lambda$withLogging$0(LoggingSupport.java:36)
at com.microsoft.playwright.impl.LoggingSupport.withLogging(LoggingSupport.java:47)
at com.microsoft.playwright.impl.ChannelOwner.withLogging(ChannelOwner.java:79)
at com.microsoft.playwright.impl.LoggingSupport.withLogging(LoggingSupport.java:35)
at com.microsoft.playwright.impl.BrowserContextImpl.close(BrowserContextImpl.java:170)
at com.informatica.tests.BaseTest.tearDown(BaseTest.java:294)
at java.base/jdk.internal.reflect.NativeMethodAccessorImpl.invoke0(Native Method)
at java.base/jdk.internal.reflect.NativeMethodAccessorImpl.invoke(NativeMethodAccessorImpl.java:77)
at java.base/jdk.internal.reflect.DelegatingMethodAccessorImpl.invoke(DelegatingMethodAccessorImpl.java:43)
at java.base/java.lang.reflect.Method.invoke(Method.java:568)
at org.testng.internal.MethodInvocationHelper.invokeMethod(MethodInvocationHelper.java:124)
at org.testng.internal.MethodInvocationHelper.invokeMethodConsideringTimeout(MethodInvocationHelper.java:59)
at org.testng.internal.Invoker.invokeConfigurationMethod(Invoker.java:458)
at org.testng.internal.Invoker.invokeConfigurations(Invoker.java:222)
at org.testng.internal.Invoker.invokeConfigurations(Invoker.java:142)
at org.testng.TestRunner.afterRun(TestRunner.java:725)
at org.testng.TestRunner.run(TestRunner.java:509)
at org.testng.SuiteRunner.runTest(SuiteRunner.java:455)
at org.testng.SuiteRunner.access$000(SuiteRunner.java:40)
at org.testng.SuiteRunner$SuiteWorker.run(SuiteRunner.java:489)
at org.testng.internal.thread.ThreadUtil$1.call(ThreadUtil.java:52)
at java.base/java.util.concurrent.FutureTask.run(FutureTask.java:264)
at java.base/java.util.concurrent.ThreadPoolExecutor.runWorker(ThreadPoolExecutor.java:1136)
at java.base/java.util.concurrent.ThreadPoolExecutor$Worker.run(ThreadPoolExecutor.java:635)
at java.base/java.lang.Thread.run(Thread.java:833)
Caused by: java.io.EOFException
at com.microsoft.playwright.impl.ReaderThread.readIntLE(PipeTransport.java:110)
at com.microsoft.playwright.impl.ReaderThread.readMessage(PipeTransport.java:139)
at com.microsoft.playwright.impl.ReaderThread.run(PipeTransport.java:125)
]]>
            </full-stacktrace>
          </exception> <!-- com.microsoft.playwright.PlaywrightException -->
          <reporter-output>
          </reporter-output>
        </test-method> <!-- tearDown -->
      </class> <!-- com.informatica.tests.APIGroupsTest -->
    </test> <!-- API_Groups -->
    <test started-at="2022-12-15T17:56:52Z" name="API_Portal_Registry" finished-at="2022-12-15T17:58:26Z" duration-ms="94795">
      <class name="com.informatica.tests.APIPortalRegistryTest">
        <test-method is-config="true" signature="init()[pri:0, instance:com.informatica.tests.APIPortalRegistryTest@52c3cb31]" started-at="2022-12-15T17:56:52Z" name="init" finished-at="2022-12-15T17:58:25Z" duration-ms="93896" status="FAIL">
          <exception class="com.microsoft.playwright.TimeoutError">
            <message>
              <![CDATA[Timeout 60000ms exceeded]]>
            </message>
            <full-stacktrace>
              <![CDATA[com.microsoft.playwright.TimeoutError: Timeout 60000ms exceeded
at com.microsoft.playwright.impl.WaitableTimeout.get(WaitableTimeout.java:41)
at com.microsoft.playwright.impl.WaitableRace.get(WaitableRace.java:44)
at com.microsoft.playwright.impl.ChannelOwner.runUntil(ChannelOwner.java:103)
at com.microsoft.playwright.impl.FrameImpl.waitForLoadStateImpl(FrameImpl.java:825)
at com.microsoft.playwright.impl.FrameImpl.waitForLoadStateImpl(FrameImpl.java:810)
at com.microsoft.playwright.impl.PageImpl.lambda$waitForLoadState$69(PageImpl.java:1260)
at com.microsoft.playwright.impl.WaitForEventLogger.get(WaitForEventLogger.java:46)
at com.microsoft.playwright.impl.ChannelOwner.withWaitLogging(ChannelOwner.java:72)
at com.microsoft.playwright.impl.PageImpl.waitForLoadState(PageImpl.java:1259)
at com.microsoft.playwright.Page.waitForLoadState(Page.java:6025)
at com.informatica.pages.LoginPage.clickOnApiChiklet(LoginPage.java:64)
at com.informatica.tests.APIPortalRegistryTest.init(APIPortalRegistryTest.java:47)
at java.base/jdk.internal.reflect.NativeMethodAccessorImpl.invoke0(Native Method)
at java.base/jdk.internal.reflect.NativeMethodAccessorImpl.invoke(NativeMethodAccessorImpl.java:77)
at java.base/jdk.internal.reflect.DelegatingMethodAccessorImpl.invoke(DelegatingMethodAccessorImpl.java:43)
at java.base/java.lang.reflect.Method.invoke(Method.java:568)
at org.testng.internal.MethodInvocationHelper.invokeMethod(MethodInvocationHelper.java:124)
at org.testng.internal.MethodInvocationHelper.invokeMethodConsideringTimeout(MethodInvocationHelper.java:59)
at org.testng.internal.Invoker.invokeConfigurationMethod(Invoker.java:458)
at org.testng.internal.Invoker.invokeConfigurations(Invoker.java:222)
at org.testng.internal.Invoker.invokeConfigurations(Invoker.java:142)
at org.testng.TestRunner.beforeRun(TestRunner.java:529)
at org.testng.TestRunner.run(TestRunner.java:497)
at org.testng.SuiteRunner.runTest(SuiteRunner.java:455)
at org.testng.SuiteRunner.access$000(SuiteRunner.java:40)
at org.testng.SuiteRunner$SuiteWorker.run(SuiteRunner.java:489)
at org.testng.internal.thread.ThreadUtil$1.call(ThreadUtil.java:52)
at java.base/java.util.concurrent.FutureTask.run(FutureTask.java:264)
at java.base/java.util.concurrent.ThreadPoolExecutor.runWorker(ThreadPoolExecutor.java:1136)
at java.base/java.util.concurrent.ThreadPoolExecutor$Worker.run(ThreadPoolExecutor.java:635)
at java.base/java.lang.Thread.run(Thread.java:833)
]]>
            </full-stacktrace>
          </exception> <!-- com.microsoft.playwright.TimeoutError -->
          <reporter-output>
          </reporter-output>
        </test-method> <!-- init -->
        <test-method is-config="true" signature="captureStatus(org.testng.ITestResult)[pri:0, instance:com.informatica.tests.APIPortalRegistryTest@52c3cb31]" started-at="2022-12-15T17:58:25Z" name="captureStatus" finished-at="2022-12-15T17:58:25Z" duration-ms="1" status="PASS">
          <params>
            <param index="0">
              <value>
                <![CDATA[[TestResult name={null} status=CREATED method=APIPortalRegistryTest.ValidateSwaggerTab(java.lang.Object)[pri:1, instance:com.informatica.tests.APIPortalRegistryTest@52c3cb31] output={null}]]]>
              </value>
            </param>
          </params>
          <reporter-output>
          </reporter-output>
        </test-method> <!-- captureStatus -->
        <test-method signature="ValidateSwaggerTab(java.lang.Object)[pri:1, instance:com.informatica.tests.APIPortalRegistryTest@52c3cb31]" started-at="2022-12-15T17:58:25Z" name="ValidateSwaggerTab" data-provider="getData" finished-at="2022-12-15T17:58:25Z" duration-ms="0" status="SKIP">
          <exception class="com.microsoft.playwright.TimeoutError">
            <message>
              <![CDATA[Timeout 60000ms exceeded]]>
            </message>
            <full-stacktrace>
              <![CDATA[com.microsoft.playwright.TimeoutError: Timeout 60000ms exceeded
at com.microsoft.playwright.impl.WaitableTimeout.get(WaitableTimeout.java:41)
at com.microsoft.playwright.impl.WaitableRace.get(WaitableRace.java:44)
at com.microsoft.playwright.impl.ChannelOwner.runUntil(ChannelOwner.java:103)
at com.microsoft.playwright.impl.FrameImpl.waitForLoadStateImpl(FrameImpl.java:825)
at com.microsoft.playwright.impl.FrameImpl.waitForLoadStateImpl(FrameImpl.java:810)
at com.microsoft.playwright.impl.PageImpl.lambda$waitForLoadState$69(PageImpl.java:1260)
at com.microsoft.playwright.impl.WaitForEventLogger.get(WaitForEventLogger.java:46)
at com.microsoft.playwright.impl.ChannelOwner.withWaitLogging(ChannelOwner.java:72)
at com.microsoft.playwright.impl.PageImpl.waitForLoadState(PageImpl.java:1259)
at com.microsoft.playwright.Page.waitForLoadState(Page.java:6025)
at com.informatica.pages.LoginPage.clickOnApiChiklet(LoginPage.java:64)
at com.informatica.tests.APIPortalRegistryTest.init(APIPortalRegistryTest.java:47)
at java.base/jdk.internal.reflect.NativeMethodAccessorImpl.invoke0(Native Method)
at java.base/jdk.internal.reflect.NativeMethodAccessorImpl.invoke(NativeMethodAccessorImpl.java:77)
at java.base/jdk.internal.reflect.DelegatingMethodAccessorImpl.invoke(DelegatingMethodAccessorImpl.java:43)
at java.base/java.lang.reflect.Method.invoke(Method.java:568)
at org.testng.internal.MethodInvocationHelper.invokeMethod(MethodInvocationHelper.java:124)
at org.testng.internal.MethodInvocationHelper.invokeMethodConsideringTimeout(MethodInvocationHelper.java:59)
at org.testng.internal.Invoker.invokeConfigurationMethod(Invoker.java:458)
at org.testng.internal.Invoker.invokeConfigurations(Invoker.java:222)
at org.testng.internal.Invoker.invokeConfigurations(Invoker.java:142)
at org.testng.TestRunner.beforeRun(TestRunner.java:529)
at org.testng.TestRunner.run(TestRunner.java:497)
at org.testng.SuiteRunner.runTest(SuiteRunner.java:455)
at org.testng.SuiteRunner.access$000(SuiteRunner.java:40)
at org.testng.SuiteRunner$SuiteWorker.run(SuiteRunner.java:489)
at org.testng.internal.thread.ThreadUtil$1.call(ThreadUtil.java:52)
at java.base/java.util.concurrent.FutureTask.run(FutureTask.java:264)
at java.base/java.util.concurrent.ThreadPoolExecutor.runWorker(ThreadPoolExecutor.java:1136)
at java.base/java.util.concurrent.ThreadPoolExecutor$Worker.run(ThreadPoolExecutor.java:635)
at java.base/java.lang.Thread.run(Thread.java:833)
]]>
            </full-stacktrace>
          </exception> <!-- com.microsoft.playwright.TimeoutError -->
          <reporter-output>
          </reporter-output>
        </test-method> <!-- ValidateSwaggerTab -->
        <test-method is-config="true" signature="register(java.lang.reflect.Method)[pri:0, instance:com.informatica.tests.APIPortalRegistryTest@52c3cb31]" started-at="2022-12-15T17:58:25Z" name="register" finished-at="2022-12-15T17:58:25Z" duration-ms="0" status="PASS">
          <params>
            <param index="0">
              <value>
                <![CDATA[public void com.informatica.tests.APIPortalRegistryTest.ValidateSwaggerTab(java.lang.Object) throws java.lang.Exception]]>
              </value>
            </param>
          </params>
          <reporter-output>
          </reporter-output>
        </test-method> <!-- register -->
        <test-method is-config="true" signature="register(java.lang.reflect.Method)[pri:0, instance:com.informatica.tests.APIPortalRegistryTest@52c3cb31]" started-at="2022-12-15T17:58:25Z" name="register" finished-at="2022-12-15T17:58:25Z" duration-ms="0" status="PASS">
          <params>
            <param index="0">
              <value>
                <![CDATA[public void com.informatica.tests.APIPortalRegistryTest.run_anonymous_Managed_API(java.lang.Object) throws java.lang.Exception]]>
              </value>
            </param>
          </params>
          <reporter-output>
          </reporter-output>
        </test-method> <!-- register -->
        <test-method signature="validateSwaggerURLinAPIPortal(java.lang.Object)[pri:3, instance:com.informatica.tests.APIPortalRegistryTest@52c3cb31]" started-at="2022-12-15T17:58:25Z" name="validateSwaggerURLinAPIPortal" data-provider="getData" finished-at="2022-12-15T17:58:25Z" duration-ms="0" status="SKIP">
          <exception class="com.microsoft.playwright.TimeoutError">
            <message>
              <![CDATA[Timeout 60000ms exceeded]]>
            </message>
            <full-stacktrace>
              <![CDATA[com.microsoft.playwright.TimeoutError: Timeout 60000ms exceeded
at com.microsoft.playwright.impl.WaitableTimeout.get(WaitableTimeout.java:41)
at com.microsoft.playwright.impl.WaitableRace.get(WaitableRace.java:44)
at com.microsoft.playwright.impl.ChannelOwner.runUntil(ChannelOwner.java:103)
at com.microsoft.playwright.impl.FrameImpl.waitForLoadStateImpl(FrameImpl.java:825)
at com.microsoft.playwright.impl.FrameImpl.waitForLoadStateImpl(FrameImpl.java:810)
at com.microsoft.playwright.impl.PageImpl.lambda$waitForLoadState$69(PageImpl.java:1260)
at com.microsoft.playwright.impl.WaitForEventLogger.get(WaitForEventLogger.java:46)
at com.microsoft.playwright.impl.ChannelOwner.withWaitLogging(ChannelOwner.java:72)
at com.microsoft.playwright.impl.PageImpl.waitForLoadState(PageImpl.java:1259)
at com.microsoft.playwright.Page.waitForLoadState(Page.java:6025)
at com.informatica.pages.LoginPage.clickOnApiChiklet(LoginPage.java:64)
at com.informatica.tests.APIPortalRegistryTest.init(APIPortalRegistryTest.java:47)
at java.base/jdk.internal.reflect.NativeMethodAccessorImpl.invoke0(Native Method)
at java.base/jdk.internal.reflect.NativeMethodAccessorImpl.invoke(NativeMethodAccessorImpl.java:77)
at java.base/jdk.internal.reflect.DelegatingMethodAccessorImpl.invoke(DelegatingMethodAccessorImpl.java:43)
at java.base/java.lang.reflect.Method.invoke(Method.java:568)
at org.testng.internal.MethodInvocationHelper.invokeMethod(MethodInvocationHelper.java:124)
at org.testng.internal.MethodInvocationHelper.invokeMethodConsideringTimeout(MethodInvocationHelper.java:59)
at org.testng.internal.Invoker.invokeConfigurationMethod(Invoker.java:458)
at org.testng.internal.Invoker.invokeConfigurations(Invoker.java:222)
at org.testng.internal.Invoker.invokeConfigurations(Invoker.java:142)
at org.testng.TestRunner.beforeRun(TestRunner.java:529)
at org.testng.TestRunner.run(TestRunner.java:497)
at org.testng.SuiteRunner.runTest(SuiteRunner.java:455)
at org.testng.SuiteRunner.access$000(SuiteRunner.java:40)
at org.testng.SuiteRunner$SuiteWorker.run(SuiteRunner.java:489)
at org.testng.internal.thread.ThreadUtil$1.call(ThreadUtil.java:52)
at java.base/java.util.concurrent.FutureTask.run(FutureTask.java:264)
at java.base/java.util.concurrent.ThreadPoolExecutor.runWorker(ThreadPoolExecutor.java:1136)
at java.base/java.util.concurrent.ThreadPoolExecutor$Worker.run(ThreadPoolExecutor.java:635)
at java.base/java.lang.Thread.run(Thread.java:833)
]]>
            </full-stacktrace>
          </exception> <!-- com.microsoft.playwright.TimeoutError -->
          <reporter-output>
          </reporter-output>
        </test-method> <!-- validateSwaggerURLinAPIPortal -->
        <test-method signature="run_anonymous_Managed_API(java.lang.Object)[pri:2, instance:com.informatica.tests.APIPortalRegistryTest@52c3cb31]" started-at="2022-12-15T17:58:25Z" name="run_anonymous_Managed_API" data-provider="getData" finished-at="2022-12-15T17:58:25Z" duration-ms="0" status="SKIP">
          <exception class="com.microsoft.playwright.TimeoutError">
            <message>
              <![CDATA[Timeout 60000ms exceeded]]>
            </message>
            <full-stacktrace>
              <![CDATA[com.microsoft.playwright.TimeoutError: Timeout 60000ms exceeded
at com.microsoft.playwright.impl.WaitableTimeout.get(WaitableTimeout.java:41)
at com.microsoft.playwright.impl.WaitableRace.get(WaitableRace.java:44)
at com.microsoft.playwright.impl.ChannelOwner.runUntil(ChannelOwner.java:103)
at com.microsoft.playwright.impl.FrameImpl.waitForLoadStateImpl(FrameImpl.java:825)
at com.microsoft.playwright.impl.FrameImpl.waitForLoadStateImpl(FrameImpl.java:810)
at com.microsoft.playwright.impl.PageImpl.lambda$waitForLoadState$69(PageImpl.java:1260)
at com.microsoft.playwright.impl.WaitForEventLogger.get(WaitForEventLogger.java:46)
at com.microsoft.playwright.impl.ChannelOwner.withWaitLogging(ChannelOwner.java:72)
at com.microsoft.playwright.impl.PageImpl.waitForLoadState(PageImpl.java:1259)
at com.microsoft.playwright.Page.waitForLoadState(Page.java:6025)
at com.informatica.pages.LoginPage.clickOnApiChiklet(LoginPage.java:64)
at com.informatica.tests.APIPortalRegistryTest.init(APIPortalRegistryTest.java:47)
at java.base/jdk.internal.reflect.NativeMethodAccessorImpl.invoke0(Native Method)
at java.base/jdk.internal.reflect.NativeMethodAccessorImpl.invoke(NativeMethodAccessorImpl.java:77)
at java.base/jdk.internal.reflect.DelegatingMethodAccessorImpl.invoke(DelegatingMethodAccessorImpl.java:43)
at java.base/java.lang.reflect.Method.invoke(Method.java:568)
at org.testng.internal.MethodInvocationHelper.invokeMethod(MethodInvocationHelper.java:124)
at org.testng.internal.MethodInvocationHelper.invokeMethodConsideringTimeout(MethodInvocationHelper.java:59)
at org.testng.internal.Invoker.invokeConfigurationMethod(Invoker.java:458)
at org.testng.internal.Invoker.invokeConfigurations(Invoker.java:222)
at org.testng.internal.Invoker.invokeConfigurations(Invoker.java:142)
at org.testng.TestRunner.beforeRun(TestRunner.java:529)
at org.testng.TestRunner.run(TestRunner.java:497)
at org.testng.SuiteRunner.runTest(SuiteRunner.java:455)
at org.testng.SuiteRunner.access$000(SuiteRunner.java:40)
at org.testng.SuiteRunner$SuiteWorker.run(SuiteRunner.java:489)
at org.testng.internal.thread.ThreadUtil$1.call(ThreadUtil.java:52)
at java.base/java.util.concurrent.FutureTask.run(FutureTask.java:264)
at java.base/java.util.concurrent.ThreadPoolExecutor.runWorker(ThreadPoolExecutor.java:1136)
at java.base/java.util.concurrent.ThreadPoolExecutor$Worker.run(ThreadPoolExecutor.java:635)
at java.base/java.lang.Thread.run(Thread.java:833)
]]>
            </full-stacktrace>
          </exception> <!-- com.microsoft.playwright.TimeoutError -->
          <reporter-output>
          </reporter-output>
        </test-method> <!-- run_anonymous_Managed_API -->
        <test-method is-config="true" signature="register(java.lang.reflect.Method)[pri:0, instance:com.informatica.tests.APIPortalRegistryTest@52c3cb31]" started-at="2022-12-15T17:58:25Z" name="register" finished-at="2022-12-15T17:58:25Z" duration-ms="0" status="PASS">
          <params>
            <param index="0">
              <value>
                <![CDATA[public void com.informatica.tests.APIPortalRegistryTest.validateSwaggerURLinAPIPortal(java.lang.Object)]]>
              </value>
            </param>
          </params>
          <reporter-output>
          </reporter-output>
        </test-method> <!-- register -->
        <test-method is-config="true" signature="captureStatus(org.testng.ITestResult)[pri:0, instance:com.informatica.tests.APIPortalRegistryTest@52c3cb31]" started-at="2022-12-15T17:58:25Z" name="captureStatus" finished-at="2022-12-15T17:58:25Z" duration-ms="0" status="PASS">
          <params>
            <param index="0">
              <value>
                <![CDATA[[TestResult name={null} status=CREATED method=APIPortalRegistryTest.run_anonymous_Managed_API(java.lang.Object)[pri:2, instance:com.informatica.tests.APIPortalRegistryTest@52c3cb31] output={null}]]]>
              </value>
            </param>
          </params>
          <reporter-output>
          </reporter-output>
        </test-method> <!-- captureStatus -->
        <test-method is-config="true" signature="captureStatus(org.testng.ITestResult)[pri:0, instance:com.informatica.tests.APIPortalRegistryTest@52c3cb31]" started-at="2022-12-15T17:58:25Z" name="captureStatus" finished-at="2022-12-15T17:58:25Z" duration-ms="0" status="PASS">
          <params>
            <param index="0">
              <value>
                <![CDATA[[TestResult name={null} status=CREATED method=APIPortalRegistryTest.validateSwaggerURLinAPIPortal(java.lang.Object)[pri:3, instance:com.informatica.tests.APIPortalRegistryTest@52c3cb31] output={null}]]]>
              </value>
            </param>
          </params>
          <reporter-output>
          </reporter-output>
        </test-method> <!-- captureStatus -->
        <test-method is-config="true" signature="captureStatus(org.testng.ITestResult)[pri:0, instance:com.informatica.tests.APIPortalRegistryTest@52c3cb31]" started-at="2022-12-15T17:58:25Z" name="captureStatus" finished-at="2022-12-15T17:58:25Z" duration-ms="0" status="PASS">
          <params>
            <param index="0">
              <value>
                <![CDATA[[TestResult name={null} status=CREATED method=APIPortalRegistryTest.run_basic_Managed_API(java.lang.Object)[pri:4, instance:com.informatica.tests.APIPortalRegistryTest@52c3cb31] output={null}]]]>
              </value>
            </param>
          </params>
          <reporter-output>
          </reporter-output>
        </test-method> <!-- captureStatus -->
        <test-method signature="run_basic_Managed_API(java.lang.Object)[pri:4, instance:com.informatica.tests.APIPortalRegistryTest@52c3cb31]" started-at="2022-12-15T17:58:25Z" name="run_basic_Managed_API" data-provider="getData" finished-at="2022-12-15T17:58:25Z" duration-ms="0" status="SKIP">
          <exception class="com.microsoft.playwright.TimeoutError">
            <message>
              <![CDATA[Timeout 60000ms exceeded]]>
            </message>
            <full-stacktrace>
              <![CDATA[com.microsoft.playwright.TimeoutError: Timeout 60000ms exceeded
at com.microsoft.playwright.impl.WaitableTimeout.get(WaitableTimeout.java:41)
at com.microsoft.playwright.impl.WaitableRace.get(WaitableRace.java:44)
at com.microsoft.playwright.impl.ChannelOwner.runUntil(ChannelOwner.java:103)
at com.microsoft.playwright.impl.FrameImpl.waitForLoadStateImpl(FrameImpl.java:825)
at com.microsoft.playwright.impl.FrameImpl.waitForLoadStateImpl(FrameImpl.java:810)
at com.microsoft.playwright.impl.PageImpl.lambda$waitForLoadState$69(PageImpl.java:1260)
at com.microsoft.playwright.impl.WaitForEventLogger.get(WaitForEventLogger.java:46)
at com.microsoft.playwright.impl.ChannelOwner.withWaitLogging(ChannelOwner.java:72)
at com.microsoft.playwright.impl.PageImpl.waitForLoadState(PageImpl.java:1259)
at com.microsoft.playwright.Page.waitForLoadState(Page.java:6025)
at com.informatica.pages.LoginPage.clickOnApiChiklet(LoginPage.java:64)
at com.informatica.tests.APIPortalRegistryTest.init(APIPortalRegistryTest.java:47)
at java.base/jdk.internal.reflect.NativeMethodAccessorImpl.invoke0(Native Method)
at java.base/jdk.internal.reflect.NativeMethodAccessorImpl.invoke(NativeMethodAccessorImpl.java:77)
at java.base/jdk.internal.reflect.DelegatingMethodAccessorImpl.invoke(DelegatingMethodAccessorImpl.java:43)
at java.base/java.lang.reflect.Method.invoke(Method.java:568)
at org.testng.internal.MethodInvocationHelper.invokeMethod(MethodInvocationHelper.java:124)
at org.testng.internal.MethodInvocationHelper.invokeMethodConsideringTimeout(MethodInvocationHelper.java:59)
at org.testng.internal.Invoker.invokeConfigurationMethod(Invoker.java:458)
at org.testng.internal.Invoker.invokeConfigurations(Invoker.java:222)
at org.testng.internal.Invoker.invokeConfigurations(Invoker.java:142)
at org.testng.TestRunner.beforeRun(TestRunner.java:529)
at org.testng.TestRunner.run(TestRunner.java:497)
at org.testng.SuiteRunner.runTest(SuiteRunner.java:455)
at org.testng.SuiteRunner.access$000(SuiteRunner.java:40)
at org.testng.SuiteRunner$SuiteWorker.run(SuiteRunner.java:489)
at org.testng.internal.thread.ThreadUtil$1.call(ThreadUtil.java:52)
at java.base/java.util.concurrent.FutureTask.run(FutureTask.java:264)
at java.base/java.util.concurrent.ThreadPoolExecutor.runWorker(ThreadPoolExecutor.java:1136)
at java.base/java.util.concurrent.ThreadPoolExecutor$Worker.run(ThreadPoolExecutor.java:635)
at java.base/java.lang.Thread.run(Thread.java:833)
]]>
            </full-stacktrace>
          </exception> <!-- com.microsoft.playwright.TimeoutError -->
          <reporter-output>
          </reporter-output>
        </test-method> <!-- run_basic_Managed_API -->
        <test-method is-config="true" signature="register(java.lang.reflect.Method)[pri:0, instance:com.informatica.tests.APIPortalRegistryTest@52c3cb31]" started-at="2022-12-15T17:58:25Z" name="register" finished-at="2022-12-15T17:58:25Z" duration-ms="0" status="PASS">
          <params>
            <param index="0">
              <value>
                <![CDATA[public void com.informatica.tests.APIPortalRegistryTest.run_basic_Managed_API(java.lang.Object) throws java.lang.Exception]]>
              </value>
            </param>
          </params>
          <reporter-output>
          </reporter-output>
        </test-method> <!-- register -->
        <test-method is-config="true" signature="tearDown()[pri:0, instance:com.informatica.tests.APIPortalRegistryTest@52c3cb31]" started-at="2022-12-15T17:58:25Z" name="tearDown" finished-at="2022-12-15T17:58:26Z" duration-ms="894" status="FAIL">
          <exception class="com.microsoft.playwright.PlaywrightException">
            <message>
              <![CDATA[Failed to read message from driver, pipe closed.]]>
            </message>
            <full-stacktrace>
              <![CDATA[com.microsoft.playwright.PlaywrightException: Failed to read message from driver, pipe closed.
at com.microsoft.playwright.impl.PipeTransport.poll(PipeTransport.java:75)
at com.microsoft.playwright.impl.Connection.processOneMessage(Connection.java:157)
at com.microsoft.playwright.impl.ChannelOwner.runUntil(ChannelOwner.java:101)
at com.microsoft.playwright.impl.Connection.sendMessage(Connection.java:105)
at com.microsoft.playwright.impl.ChannelOwner.sendMessage(ChannelOwner.java:94)
at com.microsoft.playwright.impl.ChannelOwner.sendMessage(ChannelOwner.java:90)
at com.microsoft.playwright.impl.BrowserContextImpl.closeImpl(BrowserContextImpl.java:196)
at com.microsoft.playwright.impl.BrowserContextImpl.lambda$close$1(BrowserContextImpl.java:170)
at com.microsoft.playwright.impl.LoggingSupport.lambda$withLogging$0(LoggingSupport.java:36)
at com.microsoft.playwright.impl.LoggingSupport.withLogging(LoggingSupport.java:47)
at com.microsoft.playwright.impl.ChannelOwner.withLogging(ChannelOwner.java:79)
at com.microsoft.playwright.impl.LoggingSupport.withLogging(LoggingSupport.java:35)
at com.microsoft.playwright.impl.BrowserContextImpl.close(BrowserContextImpl.java:170)
at com.informatica.tests.BaseTest.tearDown(BaseTest.java:294)
at java.base/jdk.internal.reflect.NativeMethodAccessorImpl.invoke0(Native Method)
at java.base/jdk.internal.reflect.NativeMethodAccessorImpl.invoke(NativeMethodAccessorImpl.java:77)
at java.base/jdk.internal.reflect.DelegatingMethodAccessorImpl.invoke(DelegatingMethodAccessorImpl.java:43)
at java.base/java.lang.reflect.Method.invoke(Method.java:568)
at org.testng.internal.MethodInvocationHelper.invokeMethod(MethodInvocationHelper.java:124)
at org.testng.internal.MethodInvocationHelper.invokeMethodConsideringTimeout(MethodInvocationHelper.java:59)
at org.testng.internal.Invoker.invokeConfigurationMethod(Invoker.java:458)
at org.testng.internal.Invoker.invokeConfigurations(Invoker.java:222)
at org.testng.internal.Invoker.invokeConfigurations(Invoker.java:142)
at org.testng.TestRunner.afterRun(TestRunner.java:725)
at org.testng.TestRunner.run(TestRunner.java:509)
at org.testng.SuiteRunner.runTest(SuiteRunner.java:455)
at org.testng.SuiteRunner.access$000(SuiteRunner.java:40)
at org.testng.SuiteRunner$SuiteWorker.run(SuiteRunner.java:489)
at org.testng.internal.thread.ThreadUtil$1.call(ThreadUtil.java:52)
at java.base/java.util.concurrent.FutureTask.run(FutureTask.java:264)
at java.base/java.util.concurrent.ThreadPoolExecutor.runWorker(ThreadPoolExecutor.java:1136)
at java.base/java.util.concurrent.ThreadPoolExecutor$Worker.run(ThreadPoolExecutor.java:635)
at java.base/java.lang.Thread.run(Thread.java:833)
Caused by: java.io.EOFException
at com.microsoft.playwright.impl.ReaderThread.readIntLE(PipeTransport.java:110)
at com.microsoft.playwright.impl.ReaderThread.readMessage(PipeTransport.java:139)
at com.microsoft.playwright.impl.ReaderThread.run(PipeTransport.java:125)
]]>
            </full-stacktrace>
          </exception> <!-- com.microsoft.playwright.PlaywrightException -->
          <reporter-output>
          </reporter-output>
        </test-method> <!-- tearDown -->
      </class> <!-- com.informatica.tests.APIPortalRegistryTest -->
    </test> <!-- API_Portal_Registry -->
    <test started-at="2022-12-15T17:58:26Z" name="API_Groups_In_API_Portal" finished-at="2022-12-15T17:59:01Z" duration-ms="34754">
      <class name="com.informatica.tests.APIPortalAPIGroupsTest">
        <test-method is-config="true" signature="init()[pri:0, instance:com.informatica.tests.APIPortalAPIGroupsTest@1b955cac]" started-at="2022-12-15T17:58:26Z" name="init" finished-at="2022-12-15T17:58:58Z" duration-ms="31787" status="PASS">
          <reporter-output>
          </reporter-output>
        </test-method> <!-- init -->
        <test-method is-config="true" signature="register(java.lang.reflect.Method)[pri:0, instance:com.informatica.tests.APIPortalAPIGroupsTest@1b955cac]" started-at="2022-12-15T17:58:58Z" name="register" finished-at="2022-12-15T17:58:58Z" duration-ms="1" status="PASS">
          <params>
            <param index="0">
              <value>
                <![CDATA[public void com.informatica.tests.APIPortalAPIGroupsTest.validateAPIURLInAPIGroup(java.lang.Object) throws java.lang.Exception]]>
              </value>
            </param>
          </params>
          <reporter-output>
          </reporter-output>
        </test-method> <!-- register -->
        <test-method signature="validateAPIURLInAPIGroup(java.lang.Object)[pri:1, instance:com.informatica.tests.APIPortalAPIGroupsTest@1b955cac]" started-at="2022-12-15T17:58:58Z" name="validateAPIURLInAPIGroup" data-provider="getData" finished-at="2022-12-15T17:58:59Z" duration-ms="1807" status="PASS">
          <params>
            <param index="0">
              <value>
                <![CDATA[{Additional Details=apiGroupName=APIM_Automation_Grp,apiGroupContext=/APIM_Automation_Grp,apiName=APIM_Automation_Anon1,apiProtocol=REST, TestMethodName=validateAPIURLInAPIGroup, Description=Test case to validate the API in APIGROUP with Context from API Portal, IsRun=Yes, JIRA_KEY=APIM-1505}]]>
              </value>
            </param>
          </params>
          <reporter-output>
          </reporter-output>
        </test-method> <!-- validateAPIURLInAPIGroup -->
        <test-method is-config="true" signature="captureStatus(org.testng.ITestResult)[pri:0, instance:com.informatica.tests.APIPortalAPIGroupsTest@1b955cac]" started-at="2022-12-15T17:58:59Z" name="captureStatus" finished-at="2022-12-15T17:58:59Z" duration-ms="2" status="PASS">
          <params>
            <param index="0">
              <value>
                <![CDATA[[TestResult name=validateAPIURLInAPIGroup status=SUCCESS method=APIPortalAPIGroupsTest.validateAPIURLInAPIGroup(java.lang.Object)[pri:1, instance:com.informatica.tests.APIPortalAPIGroupsTest@1b955cac] output={null}]]]>
              </value>
            </param>
          </params>
          <reporter-output>
          </reporter-output>
        </test-method> <!-- captureStatus -->
        <test-method is-config="true" signature="tearDown()[pri:0, instance:com.informatica.tests.APIPortalAPIGroupsTest@1b955cac]" started-at="2022-12-15T17:58:59Z" name="tearDown" finished-at="2022-12-15T17:59:01Z" duration-ms="1155" status="FAIL">
          <exception class="com.microsoft.playwright.PlaywrightException">
            <message>
              <![CDATA[Failed to read message from driver, pipe closed.]]>
            </message>
            <full-stacktrace>
              <![CDATA[com.microsoft.playwright.PlaywrightException: Failed to read message from driver, pipe closed.
at com.microsoft.playwright.impl.PipeTransport.poll(PipeTransport.java:75)
at com.microsoft.playwright.impl.Connection.processOneMessage(Connection.java:157)
at com.microsoft.playwright.impl.ChannelOwner.runUntil(ChannelOwner.java:101)
at com.microsoft.playwright.impl.Connection.sendMessage(Connection.java:105)
at com.microsoft.playwright.impl.ChannelOwner.sendMessage(ChannelOwner.java:94)
at com.microsoft.playwright.impl.ChannelOwner.sendMessage(ChannelOwner.java:90)
at com.microsoft.playwright.impl.BrowserContextImpl.closeImpl(BrowserContextImpl.java:196)
at com.microsoft.playwright.impl.BrowserContextImpl.lambda$close$1(BrowserContextImpl.java:170)
at com.microsoft.playwright.impl.LoggingSupport.lambda$withLogging$0(LoggingSupport.java:36)
at com.microsoft.playwright.impl.LoggingSupport.withLogging(LoggingSupport.java:47)
at com.microsoft.playwright.impl.ChannelOwner.withLogging(ChannelOwner.java:79)
at com.microsoft.playwright.impl.LoggingSupport.withLogging(LoggingSupport.java:35)
at com.microsoft.playwright.impl.BrowserContextImpl.close(BrowserContextImpl.java:170)
at com.informatica.tests.BaseTest.tearDown(BaseTest.java:294)
at java.base/jdk.internal.reflect.NativeMethodAccessorImpl.invoke0(Native Method)
at java.base/jdk.internal.reflect.NativeMethodAccessorImpl.invoke(NativeMethodAccessorImpl.java:77)
at java.base/jdk.internal.reflect.DelegatingMethodAccessorImpl.invoke(DelegatingMethodAccessorImpl.java:43)
at java.base/java.lang.reflect.Method.invoke(Method.java:568)
at org.testng.internal.MethodInvocationHelper.invokeMethod(MethodInvocationHelper.java:124)
at org.testng.internal.MethodInvocationHelper.invokeMethodConsideringTimeout(MethodInvocationHelper.java:59)
at org.testng.internal.Invoker.invokeConfigurationMethod(Invoker.java:458)
at org.testng.internal.Invoker.invokeConfigurations(Invoker.java:222)
at org.testng.internal.Invoker.invokeConfigurations(Invoker.java:142)
at org.testng.TestRunner.afterRun(TestRunner.java:725)
at org.testng.TestRunner.run(TestRunner.java:509)
at org.testng.SuiteRunner.runTest(SuiteRunner.java:455)
at org.testng.SuiteRunner.access$000(SuiteRunner.java:40)
at org.testng.SuiteRunner$SuiteWorker.run(SuiteRunner.java:489)
at org.testng.internal.thread.ThreadUtil$1.call(ThreadUtil.java:52)
at java.base/java.util.concurrent.FutureTask.run(FutureTask.java:264)
at java.base/java.util.concurrent.ThreadPoolExecutor.runWorker(ThreadPoolExecutor.java:1136)
at java.base/java.util.concurrent.ThreadPoolExecutor$Worker.run(ThreadPoolExecutor.java:635)
at java.base/java.lang.Thread.run(Thread.java:833)
Caused by: java.io.EOFException
at com.microsoft.playwright.impl.ReaderThread.readIntLE(PipeTransport.java:110)
at com.microsoft.playwright.impl.ReaderThread.readMessage(PipeTransport.java:139)
at com.microsoft.playwright.impl.ReaderThread.run(PipeTransport.java:125)
]]>
            </full-stacktrace>
          </exception> <!-- com.microsoft.playwright.PlaywrightException -->
          <reporter-output>
          </reporter-output>
        </test-method> <!-- tearDown -->
      </class> <!-- com.informatica.tests.APIPortalAPIGroupsTest -->
    </test> <!-- API_Groups_In_API_Portal -->
    <test started-at="2022-12-15T17:57:27Z" name="API_Portal_Home" finished-at="2022-12-15T17:59:01Z" duration-ms="94091">
      <class name="com.informatica.tests.APIPortalHomeTest">
        <test-method is-config="true" signature="init()[pri:0, instance:com.informatica.tests.APIPortalHomeTest@3fc9504b]" started-at="2022-12-15T17:57:27Z" name="init" finished-at="2022-12-15T17:58:53Z" duration-ms="86810" status="PASS">
          <reporter-output>
          </reporter-output>
        </test-method> <!-- init -->
        <test-method signature="validateAnalyticsOverviewTab()[pri:1, instance:com.informatica.tests.APIPortalHomeTest@3fc9504b]" started-at="2022-12-15T17:58:53Z" name="validateAnalyticsOverviewTab" finished-at="2022-12-15T17:58:54Z" duration-ms="533" status="PASS">
          <reporter-output>
          </reporter-output>
        </test-method> <!-- validateAnalyticsOverviewTab -->
        <test-method is-config="true" signature="register(java.lang.reflect.Method)[pri:0, instance:com.informatica.tests.APIPortalHomeTest@3fc9504b]" started-at="2022-12-15T17:58:53Z" name="register" finished-at="2022-12-15T17:58:53Z" duration-ms="0" status="PASS">
          <params>
            <param index="0">
              <value>
                <![CDATA[public void com.informatica.tests.APIPortalHomeTest.validateAnalyticsOverviewTab() throws java.lang.Exception]]>
              </value>
            </param>
          </params>
          <reporter-output>
          </reporter-output>
        </test-method> <!-- register -->
        <test-method is-config="true" signature="captureStatus(org.testng.ITestResult)[pri:0, instance:com.informatica.tests.APIPortalHomeTest@3fc9504b]" started-at="2022-12-15T17:58:54Z" name="captureStatus" finished-at="2022-12-15T17:58:54Z" duration-ms="1" status="PASS">
          <params>
            <param index="0">
              <value>
                <![CDATA[[TestResult name=validateAnalyticsOverviewTab status=SUCCESS method=APIPortalHomeTest.validateAnalyticsOverviewTab()[pri:1, instance:com.informatica.tests.APIPortalHomeTest@3fc9504b] output={null}]]]>
              </value>
            </param>
          </params>
          <reporter-output>
          </reporter-output>
        </test-method> <!-- captureStatus -->
        <test-method is-config="true" signature="register(java.lang.reflect.Method)[pri:0, instance:com.informatica.tests.APIPortalHomeTest@3fc9504b]" started-at="2022-12-15T17:58:54Z" name="register" finished-at="2022-12-15T17:58:54Z" duration-ms="1" status="PASS">
          <params>
            <param index="0">
              <value>
                <![CDATA[public void com.informatica.tests.APIPortalHomeTest.validateTopApisTab() throws java.lang.Exception]]>
              </value>
            </param>
          </params>
          <reporter-output>
          </reporter-output>
        </test-method> <!-- register -->
        <test-method signature="validateTopApisTab()[pri:2, instance:com.informatica.tests.APIPortalHomeTest@3fc9504b]" started-at="2022-12-15T17:58:54Z" name="validateTopApisTab" finished-at="2022-12-15T17:58:59Z" duration-ms="5432" status="PASS">
          <reporter-output>
          </reporter-output>
        </test-method> <!-- validateTopApisTab -->
        <test-method is-config="true" signature="captureStatus(org.testng.ITestResult)[pri:0, instance:com.informatica.tests.APIPortalHomeTest@3fc9504b]" started-at="2022-12-15T17:58:59Z" name="captureStatus" finished-at="2022-12-15T17:58:59Z" duration-ms="1" status="PASS">
          <params>
            <param index="0">
              <value>
                <![CDATA[[TestResult name=validateTopApisTab status=SUCCESS method=APIPortalHomeTest.validateTopApisTab()[pri:2, instance:com.informatica.tests.APIPortalHomeTest@3fc9504b] output={null}]]]>
              </value>
            </param>
          </params>
          <reporter-output>
          </reporter-output>
        </test-method> <!-- captureStatus -->
        <test-method is-config="true" signature="tearDown()[pri:0, instance:com.informatica.tests.APIPortalHomeTest@3fc9504b]" started-at="2022-12-15T17:58:59Z" name="tearDown" finished-at="2022-12-15T17:59:01Z" duration-ms="1309" status="FAIL">
          <exception class="com.microsoft.playwright.PlaywrightException">
            <message>
              <![CDATA[Failed to read message from driver, pipe closed.]]>
            </message>
            <full-stacktrace>
              <![CDATA[com.microsoft.playwright.PlaywrightException: Failed to read message from driver, pipe closed.
at com.microsoft.playwright.impl.PipeTransport.poll(PipeTransport.java:75)
at com.microsoft.playwright.impl.Connection.processOneMessage(Connection.java:157)
at com.microsoft.playwright.impl.ChannelOwner.runUntil(ChannelOwner.java:101)
at com.microsoft.playwright.impl.Connection.sendMessage(Connection.java:105)
at com.microsoft.playwright.impl.ChannelOwner.sendMessage(ChannelOwner.java:94)
at com.microsoft.playwright.impl.ChannelOwner.sendMessage(ChannelOwner.java:90)
at com.microsoft.playwright.impl.BrowserContextImpl.closeImpl(BrowserContextImpl.java:196)
at com.microsoft.playwright.impl.BrowserContextImpl.lambda$close$1(BrowserContextImpl.java:170)
at com.microsoft.playwright.impl.LoggingSupport.lambda$withLogging$0(LoggingSupport.java:36)
at com.microsoft.playwright.impl.LoggingSupport.withLogging(LoggingSupport.java:47)
at com.microsoft.playwright.impl.ChannelOwner.withLogging(ChannelOwner.java:79)
at com.microsoft.playwright.impl.LoggingSupport.withLogging(LoggingSupport.java:35)
at com.microsoft.playwright.impl.BrowserContextImpl.close(BrowserContextImpl.java:170)
at com.informatica.tests.BaseTest.tearDown(BaseTest.java:294)
at java.base/jdk.internal.reflect.NativeMethodAccessorImpl.invoke0(Native Method)
at java.base/jdk.internal.reflect.NativeMethodAccessorImpl.invoke(NativeMethodAccessorImpl.java:77)
at java.base/jdk.internal.reflect.DelegatingMethodAccessorImpl.invoke(DelegatingMethodAccessorImpl.java:43)
at java.base/java.lang.reflect.Method.invoke(Method.java:568)
at org.testng.internal.MethodInvocationHelper.invokeMethod(MethodInvocationHelper.java:124)
at org.testng.internal.MethodInvocationHelper.invokeMethodConsideringTimeout(MethodInvocationHelper.java:59)
at org.testng.internal.Invoker.invokeConfigurationMethod(Invoker.java:458)
at org.testng.internal.Invoker.invokeConfigurations(Invoker.java:222)
at org.testng.internal.Invoker.invokeConfigurations(Invoker.java:142)
at org.testng.TestRunner.afterRun(TestRunner.java:725)
at org.testng.TestRunner.run(TestRunner.java:509)
at org.testng.SuiteRunner.runTest(SuiteRunner.java:455)
at org.testng.SuiteRunner.access$000(SuiteRunner.java:40)
at org.testng.SuiteRunner$SuiteWorker.run(SuiteRunner.java:489)
at org.testng.internal.thread.ThreadUtil$1.call(ThreadUtil.java:52)
at java.base/java.util.concurrent.FutureTask.run(FutureTask.java:264)
at java.base/java.util.concurrent.ThreadPoolExecutor.runWorker(ThreadPoolExecutor.java:1136)
at java.base/java.util.concurrent.ThreadPoolExecutor$Worker.run(ThreadPoolExecutor.java:635)
at java.base/java.lang.Thread.run(Thread.java:833)
Caused by: java.io.EOFException
at com.microsoft.playwright.impl.ReaderThread.readIntLE(PipeTransport.java:110)
at com.microsoft.playwright.impl.ReaderThread.readMessage(PipeTransport.java:139)
at com.microsoft.playwright.impl.ReaderThread.run(PipeTransport.java:125)
]]>
            </full-stacktrace>
          </exception> <!-- com.microsoft.playwright.PlaywrightException -->
          <reporter-output>
          </reporter-output>
        </test-method> <!-- tearDown -->
      </class> <!-- com.informatica.tests.APIPortalHomeTest -->
    </test> <!-- API_Portal_Home -->
    <test started-at="2022-12-15T17:58:26Z" name="APIM_Analytics" finished-at="2022-12-15T18:00:22Z" duration-ms="115829">
      <class name="com.informatica.tests.ApimAnalyticsTest">
        <test-method is-config="true" signature="init()[pri:0, instance:com.informatica.tests.ApimAnalyticsTest@12f9af83]" started-at="2022-12-15T17:58:26Z" name="init" finished-at="2022-12-15T17:58:48Z" duration-ms="21932" status="PASS">
          <reporter-output>
          </reporter-output>
        </test-method> <!-- init -->
        <test-method is-config="true" signature="register(java.lang.reflect.Method)[pri:0, instance:com.informatica.tests.ApimAnalyticsTest@12f9af83]" started-at="2022-12-15T17:58:48Z" name="register" finished-at="2022-12-15T17:58:48Z" duration-ms="0" status="PASS">
          <params>
            <param index="0">
              <value>
                <![CDATA[public void com.informatica.tests.ApimAnalyticsTest.validateAnalyticsOverViewTab() throws java.lang.Exception]]>
              </value>
            </param>
          </params>
          <reporter-output>
          </reporter-output>
        </test-method> <!-- register -->
        <test-method signature="validateAnalyticsOverViewTab()[pri:1, instance:com.informatica.tests.ApimAnalyticsTest@12f9af83]" started-at="2022-12-15T17:58:48Z" name="validateAnalyticsOverViewTab" finished-at="2022-12-15T17:59:00Z" duration-ms="11290" status="PASS">
          <reporter-output>
          </reporter-output>
        </test-method> <!-- validateAnalyticsOverViewTab -->
        <test-method is-config="true" signature="captureStatus(org.testng.ITestResult)[pri:0, instance:com.informatica.tests.ApimAnalyticsTest@12f9af83]" started-at="2022-12-15T17:59:00Z" name="captureStatus" finished-at="2022-12-15T17:59:00Z" duration-ms="1" status="PASS">
          <params>
            <param index="0">
              <value>
                <![CDATA[[TestResult name=validateAnalyticsOverViewTab status=SUCCESS method=ApimAnalyticsTest.validateAnalyticsOverViewTab()[pri:1, instance:com.informatica.tests.ApimAnalyticsTest@12f9af83] output={null}]]]>
              </value>
            </param>
          </params>
          <reporter-output>
          </reporter-output>
        </test-method> <!-- captureStatus -->
        <test-method is-config="true" signature="register(java.lang.reflect.Method)[pri:0, instance:com.informatica.tests.ApimAnalyticsTest@12f9af83]" started-at="2022-12-15T17:59:00Z" name="register" finished-at="2022-12-15T17:59:00Z" duration-ms="0" status="PASS">
          <params>
            <param index="0">
              <value>
                <![CDATA[public void com.informatica.tests.ApimAnalyticsTest.validateAnalyticsActivityLogTab() throws java.lang.Exception]]>
              </value>
            </param>
          </params>
          <reporter-output>
          </reporter-output>
        </test-method> <!-- register -->
        <test-method signature="validateAnalyticsActivityLogTab()[pri:2, instance:com.informatica.tests.ApimAnalyticsTest@12f9af83]" started-at="2022-12-15T17:59:00Z" name="validateAnalyticsActivityLogTab" finished-at="2022-12-15T17:59:00Z" duration-ms="502" status="PASS">
          <reporter-output>
          </reporter-output>
        </test-method> <!-- validateAnalyticsActivityLogTab -->
        <test-method is-config="true" signature="captureStatus(org.testng.ITestResult)[pri:0, instance:com.informatica.tests.ApimAnalyticsTest@12f9af83]" started-at="2022-12-15T17:59:00Z" name="captureStatus" finished-at="2022-12-15T17:59:00Z" duration-ms="1" status="PASS">
          <params>
            <param index="0">
              <value>
                <![CDATA[[TestResult name=validateAnalyticsActivityLogTab status=SUCCESS method=ApimAnalyticsTest.validateAnalyticsActivityLogTab()[pri:2, instance:com.informatica.tests.ApimAnalyticsTest@12f9af83] output={null}]]]>
              </value>
            </param>
          </params>
          <reporter-output>
          </reporter-output>
        </test-method> <!-- captureStatus -->
        <test-method signature="validateAnalyticsEventsLogTab()[pri:3, instance:com.informatica.tests.ApimAnalyticsTest@12f9af83]" started-at="2022-12-15T17:59:00Z" name="validateAnalyticsEventsLogTab" finished-at="2022-12-15T18:00:22Z" duration-ms="81485" status="PASS">
          <reporter-output>
          </reporter-output>
        </test-method> <!-- validateAnalyticsEventsLogTab -->
        <test-method is-config="true" signature="register(java.lang.reflect.Method)[pri:0, instance:com.informatica.tests.ApimAnalyticsTest@12f9af83]" started-at="2022-12-15T17:59:00Z" name="register" finished-at="2022-12-15T17:59:00Z" duration-ms="0" status="PASS">
          <params>
            <param index="0">
              <value>
                <![CDATA[public void com.informatica.tests.ApimAnalyticsTest.validateAnalyticsEventsLogTab() throws java.lang.Exception]]>
              </value>
            </param>
          </params>
          <reporter-output>
          </reporter-output>
        </test-method> <!-- register -->
        <test-method is-config="true" signature="tearDown()[pri:0, instance:com.informatica.tests.ApimAnalyticsTest@12f9af83]" started-at="2022-12-15T18:00:22Z" name="tearDown" finished-at="2022-12-15T18:00:22Z" duration-ms="614" status="PASS">
          <reporter-output>
          </reporter-output>
        </test-method> <!-- tearDown -->
        <test-method is-config="true" signature="captureStatus(org.testng.ITestResult)[pri:0, instance:com.informatica.tests.ApimAnalyticsTest@12f9af83]" started-at="2022-12-15T18:00:22Z" name="captureStatus" finished-at="2022-12-15T18:00:22Z" duration-ms="0" status="PASS">
          <params>
            <param index="0">
              <value>
                <![CDATA[[TestResult name=validateAnalyticsEventsLogTab status=SUCCESS method=ApimAnalyticsTest.validateAnalyticsEventsLogTab()[pri:3, instance:com.informatica.tests.ApimAnalyticsTest@12f9af83] output={null}]]]>
              </value>
            </param>
          </params>
          <reporter-output>
          </reporter-output>
        </test-method> <!-- captureStatus -->
      </class> <!-- com.informatica.tests.ApimAnalyticsTest -->
    </test> <!-- APIM_Analytics -->
    <test started-at="2022-12-15T17:59:01Z" name="APIM_OAuth2" finished-at="2022-12-15T18:02:34Z" duration-ms="213812">
      <class name="com.informatica.tests.PoliciesAuthorizationTest">
[...]
at org.testng.internal.TestMethodWorker.run(TestMethodWorker.java:109)
at org.testng.TestRunner.privateRun(TestRunner.java:648)
at org.testng.TestRunner.run(TestRunner.java:505)
at org.testng.SuiteRunner.runTest(SuiteRunner.java:455)
at org.testng.SuiteRunner.access$000(SuiteRunner.java:40)
at org.testng.SuiteRunner$SuiteWorker.run(SuiteRunner.java:489)
at org.testng.internal.thread.ThreadUtil$1.call(ThreadUtil.java:52)
at java.base/java.util.concurrent.FutureTask.run(FutureTask.java:264)
at java.base/java.util.concurrent.ThreadPoolExecutor.runWorker(ThreadPoolExecutor.java:1136)
at java.base/java.util.concurrent.ThreadPoolExecutor$Worker.run(ThreadPoolExecutor.java:635)
at java.base/java.lang.Thread.run(Thread.java:833)
]]>
            </full-stacktrace>
          </exception> <!-- java.lang.AssertionError -->
          <reporter-output>
          </reporter-output>
        </test-method> <!-- accessAnonManagedAPI -->
        <test-method is-config="true" signature="captureStatus(org.testng.ITestResult)[pri:0, instance:com.informatica.tests.managedAPITest@2f62ea70]" started-at="2022-12-15T17:58:30Z" name="captureStatus" finished-at="2022-12-15T17:58:30Z" duration-ms="517" status="PASS">
          <params>
            <param index="0">
              <value>
                <![CDATA[[TestResult name=accessAnonManagedAPI status=FAILURE method=managedAPITest.accessAnonManagedAPI(java.lang.Object)[pri:1, instance:com.informatica.tests.managedAPITest@2f62ea70] output={null}]]]>
              </value>
            </param>
          </params>
          <reporter-output>
          </reporter-output>
        </test-method> <!-- captureStatus -->
        <test-method is-config="true" signature="register(java.lang.reflect.Method)[pri:0, instance:com.informatica.tests.managedAPITest@2f62ea70]" started-at="2022-12-15T17:58:30Z" name="register" finished-at="2022-12-15T17:58:30Z" duration-ms="1" status="PASS">
          <params>
            <param index="0">
              <value>
                <![CDATA[public void com.informatica.tests.managedAPITest.accessBasicManagedAPI(java.lang.Object)]]>
              </value>
            </param>
          </params>
          <reporter-output>
          </reporter-output>
        </test-method> <!-- register -->
        <test-method signature="accessBasicManagedAPI(java.lang.Object)[pri:2, instance:com.informatica.tests.managedAPITest@2f62ea70]" started-at="2022-12-15T17:58:30Z" name="accessBasicManagedAPI" data-provider="getData" finished-at="2022-12-15T17:59:47Z" duration-ms="76641" status="FAIL">
          <params>
            <param index="0">
              <value>
                <![CDATA[{Additional Details=ManagedAPIName=APIM_Automation_Generic_Basic, TestMethodName=accessBasicManagedAPI, Description=Test case to validate API URL of Basic API, IsRun=Yes, JIRA_KEY=APIM-1477}]]>
              </value>
            </param>
          </params>
          <exception class="java.lang.AssertionError">
            <message>
              <![CDATA[Exception while validating AccessBasicManagedAPI]]>
            </message>
            <full-stacktrace>
              <![CDATA[java.lang.AssertionError: Exception while validating AccessBasicManagedAPI
at org.testng.Assert.fail(Assert.java:96)
at com.informatica.tests.managedAPITest.accessBasicManagedAPI(managedAPITest.java:158)
at java.base/jdk.internal.reflect.NativeMethodAccessorImpl.invoke0(Native Method)
at java.base/jdk.internal.reflect.NativeMethodAccessorImpl.invoke(NativeMethodAccessorImpl.java:77)
at java.base/jdk.internal.reflect.DelegatingMethodAccessorImpl.invoke(DelegatingMethodAccessorImpl.java:43)
at java.base/java.lang.reflect.Method.invoke(Method.java:568)
at org.testng.internal.MethodInvocationHelper.invokeMethod(MethodInvocationHelper.java:124)
at org.testng.internal.Invoker.invokeMethod(Invoker.java:583)
at org.testng.internal.Invoker.invokeTestMethod(Invoker.java:719)
at org.testng.internal.Invoker.invokeTestMethods(Invoker.java:989)
at org.testng.internal.TestMethodWorker.invokeTestMethods(TestMethodWorker.java:125)
at org.testng.internal.TestMethodWorker.run(TestMethodWorker.java:109)
at org.testng.TestRunner.privateRun(TestRunner.java:648)
at org.testng.TestRunner.run(TestRunner.java:505)
at org.testng.SuiteRunner.runTest(SuiteRunner.java:455)
at org.testng.SuiteRunner.access$000(SuiteRunner.java:40)
at org.testng.SuiteRunner$SuiteWorker.run(SuiteRunner.java:489)
at org.testng.internal.thread.ThreadUtil$1.call(ThreadUtil.java:52)
at java.base/java.util.concurrent.FutureTask.run(FutureTask.java:264)
at java.base/java.util.concurrent.ThreadPoolExecutor.runWorker(ThreadPoolExecutor.java:1136)
at java.base/java.util.concurrent.ThreadPoolExecutor$Worker.run(ThreadPoolExecutor.java:635)
at java.base/java.lang.Thread.run(Thread.java:833)
]]>
            </full-stacktrace>
          </exception> <!-- java.lang.AssertionError -->
          <reporter-output>
          </reporter-output>
        </test-method> <!-- accessBasicManagedAPI -->
        <test-method is-config="true" signature="captureStatus(org.testng.ITestResult)[pri:0, instance:com.informatica.tests.managedAPITest@2f62ea70]" started-at="2022-12-15T17:59:47Z" name="captureStatus" finished-at="2022-12-15T17:59:47Z" duration-ms="322" status="PASS">
          <params>
            <param index="0">
              <value>
                <![CDATA[[TestResult name=accessBasicManagedAPI status=FAILURE method=managedAPITest.accessBasicManagedAPI(java.lang.Object)[pri:2, instance:com.informatica.tests.managedAPITest@2f62ea70] output={null}]]]>
              </value>
            </param>
          </params>
          <reporter-output>
          </reporter-output>
        </test-method> <!-- captureStatus -->
        <test-method is-config="true" signature="register(java.lang.reflect.Method)[pri:0, instance:com.informatica.tests.managedAPITest@2f62ea70]" started-at="2022-12-15T17:59:47Z" name="register" finished-at="2022-12-15T17:59:47Z" duration-ms="1" status="PASS">
          <params>
            <param index="0">
              <value>
                <![CDATA[public void com.informatica.tests.managedAPITest.validateWSDLURL(java.lang.Object)]]>
              </value>
            </param>
          </params>
          <reporter-output>
          </reporter-output>
        </test-method> <!-- register -->
        <test-method signature="validateWSDLURL(java.lang.Object)[pri:3, instance:com.informatica.tests.managedAPITest@2f62ea70]" started-at="2022-12-15T17:59:47Z" name="validateWSDLURL" data-provider="getData" finished-at="2022-12-15T18:00:47Z" duration-ms="60264" status="FAIL">
          <params>
            <param index="0">
              <value>
                <![CDATA[{Additional Details=ManagedAPIName=APIM_Automation_Generic_Anon1, TestMethodName=validateWSDLURL, Description=Test case to validate WSDL URL, IsRun=Yes, JIRA_KEY=APIM-1494}]]>
              </value>
            </param>
          </params>
          <exception class="java.lang.AssertionError">
            <message>
              <![CDATA[Exception while validating WSDL URL]]>
            </message>
            <full-stacktrace>
              <![CDATA[java.lang.AssertionError: Exception while validating WSDL URL
at org.testng.Assert.fail(Assert.java:96)
at com.informatica.tests.managedAPITest.validateWSDLURL(managedAPITest.java:199)
at java.base/jdk.internal.reflect.NativeMethodAccessorImpl.invoke0(Native Method)
at java.base/jdk.internal.reflect.NativeMethodAccessorImpl.invoke(NativeMethodAccessorImpl.java:77)
at java.base/jdk.internal.reflect.DelegatingMethodAccessorImpl.invoke(DelegatingMethodAccessorImpl.java:43)
at java.base/java.lang.reflect.Method.invoke(Method.java:568)
at org.testng.internal.MethodInvocationHelper.invokeMethod(MethodInvocationHelper.java:124)
at org.testng.internal.Invoker.invokeMethod(Invoker.java:583)
at org.testng.internal.Invoker.invokeTestMethod(Invoker.java:719)
at org.testng.internal.Invoker.invokeTestMethods(Invoker.java:989)
at org.testng.internal.TestMethodWorker.invokeTestMethods(TestMethodWorker.java:125)
at org.testng.internal.TestMethodWorker.run(TestMethodWorker.java:109)
at org.testng.TestRunner.privateRun(TestRunner.java:648)
at org.testng.TestRunner.run(TestRunner.java:505)
at org.testng.SuiteRunner.runTest(SuiteRunner.java:455)
at org.testng.SuiteRunner.access$000(SuiteRunner.java:40)
at org.testng.SuiteRunner$SuiteWorker.run(SuiteRunner.java:489)
at org.testng.internal.thread.ThreadUtil$1.call(ThreadUtil.java:52)
at java.base/java.util.concurrent.FutureTask.run(FutureTask.java:264)
at java.base/java.util.concurrent.ThreadPoolExecutor.runWorker(ThreadPoolExecutor.java:1136)
at java.base/java.util.concurrent.ThreadPoolExecutor$Worker.run(ThreadPoolExecutor.java:635)
at java.base/java.lang.Thread.run(Thread.java:833)
]]>
            </full-stacktrace>
          </exception> <!-- java.lang.AssertionError -->
          <reporter-output>
          </reporter-output>
        </test-method> <!-- validateWSDLURL -->
        <test-method is-config="true" signature="captureStatus(org.testng.ITestResult)[pri:0, instance:com.informatica.tests.managedAPITest@2f62ea70]" started-at="2022-12-15T18:00:47Z" name="captureStatus" finished-at="2022-12-15T18:00:48Z" duration-ms="234" status="PASS">
          <params>
            <param index="0">
              <value>
                <![CDATA[[TestResult name=validateWSDLURL status=FAILURE method=managedAPITest.validateWSDLURL(java.lang.Object)[pri:3, instance:com.informatica.tests.managedAPITest@2f62ea70] output={null}]]]>
              </value>
            </param>
          </params>
          <reporter-output>
          </reporter-output>
        </test-method> <!-- captureStatus -->
        <test-method is-config="true" signature="register(java.lang.reflect.Method)[pri:0, instance:com.informatica.tests.managedAPITest@2f62ea70]" started-at="2022-12-15T18:00:48Z" name="register" finished-at="2022-12-15T18:00:48Z" duration-ms="1" status="PASS">
          <params>
            <param index="0">
              <value>
                <![CDATA[public void com.informatica.tests.managedAPITest.ClickOnEnablePrivacyPolicyWarning(java.lang.Object)]]>
              </value>
            </param>
          </params>
          <reporter-output>
          </reporter-output>
        </test-method> <!-- register -->
        <test-method signature="ClickOnEnablePrivacyPolicyWarning(java.lang.Object)[pri:4, instance:com.informatica.tests.managedAPITest@2f62ea70]" started-at="2022-12-15T18:00:48Z" name="ClickOnEnablePrivacyPolicyWarning" data-provider="getData" finished-at="2022-12-15T18:05:09Z" duration-ms="261460" status="FAIL">
          <params>
            <param index="0">
              <value>
                <![CDATA[{Additional Details=APIName=APIM_Automation_AnonPrivacy,Version=1.0.0,Protocol=REST, TestMethodName=ClickOnEnablePrivacyPolicyWarning, Description=Test case to enable privacy policy warning, IsRun=Yes, JIRA_KEY=APIM-1485}]]>
              </value>
            </param>
          </params>
          <exception class="java.lang.AssertionError">
            <message>
              <![CDATA[Exception while clicking ClickOnEnablePrivacyPolicyWarningValidation]]>
            </message>
            <full-stacktrace>
              <![CDATA[java.lang.AssertionError: Exception while clicking ClickOnEnablePrivacyPolicyWarningValidation
at org.testng.Assert.fail(Assert.java:96)
at com.informatica.tests.managedAPITest.ClickOnEnablePrivacyPolicyWarning(managedAPITest.java:272)
at java.base/jdk.internal.reflect.NativeMethodAccessorImpl.invoke0(Native Method)
at java.base/jdk.internal.reflect.NativeMethodAccessorImpl.invoke(NativeMethodAccessorImpl.java:77)
at java.base/jdk.internal.reflect.DelegatingMethodAccessorImpl.invoke(DelegatingMethodAccessorImpl.java:43)
at java.base/java.lang.reflect.Method.invoke(Method.java:568)
at org.testng.internal.MethodInvocationHelper.invokeMethod(MethodInvocationHelper.java:124)
at org.testng.internal.Invoker.invokeMethod(Invoker.java:583)
at org.testng.internal.Invoker.invokeTestMethod(Invoker.java:719)
at org.testng.internal.Invoker.invokeTestMethods(Invoker.java:989)
at org.testng.internal.TestMethodWorker.invokeTestMethods(TestMethodWorker.java:125)
at org.testng.internal.TestMethodWorker.run(TestMethodWorker.java:109)
at org.testng.TestRunner.privateRun(TestRunner.java:648)
at org.testng.TestRunner.run(TestRunner.java:505)
at org.testng.SuiteRunner.runTest(SuiteRunner.java:455)
at org.testng.SuiteRunner.access$000(SuiteRunner.java:40)
at org.testng.SuiteRunner$SuiteWorker.run(SuiteRunner.java:489)
at org.testng.internal.thread.ThreadUtil$1.call(ThreadUtil.java:52)
at java.base/java.util.concurrent.FutureTask.run(FutureTask.java:264)
at java.base/java.util.concurrent.ThreadPoolExecutor.runWorker(ThreadPoolExecutor.java:1136)
at java.base/java.util.concurrent.ThreadPoolExecutor$Worker.run(ThreadPoolExecutor.java:635)
at java.base/java.lang.Thread.run(Thread.java:833)
]]>
            </full-stacktrace>
          </exception> <!-- java.lang.AssertionError -->
          <reporter-output>
          </reporter-output>
        </test-method> <!-- ClickOnEnablePrivacyPolicyWarning -->
        <test-method is-config="true" signature="captureStatus(org.testng.ITestResult)[pri:0, instance:com.informatica.tests.managedAPITest@2f62ea70]" started-at="2022-12-15T18:05:09Z" name="captureStatus" finished-at="2022-12-15T18:05:09Z" duration-ms="258" status="PASS">
          <params>
            <param index="0">
              <value>
                <![CDATA[[TestResult name=ClickOnEnablePrivacyPolicyWarning status=FAILURE method=managedAPITest.ClickOnEnablePrivacyPolicyWarning(java.lang.Object)[pri:4, instance:com.informatica.tests.managedAPITest@2f62ea70] output={null}]]]>
              </value>
            </param>
          </params>
          <reporter-output>
          </reporter-output>
        </test-method> <!-- captureStatus -->
        <test-method is-config="true" signature="register(java.lang.reflect.Method)[pri:0, instance:com.informatica.tests.managedAPITest@2f62ea70]" started-at="2022-12-15T18:05:09Z" name="register" finished-at="2022-12-15T18:05:09Z" duration-ms="0" status="PASS">
          <params>
            <param index="0">
              <value>
                <![CDATA[public void com.informatica.tests.managedAPITest.ClickOnEnablePrivacyPolicyBlock(java.lang.Object)]]>
              </value>
            </param>
          </params>
          <reporter-output>
          </reporter-output>
        </test-method> <!-- register -->
        <test-method signature="ClickOnEnablePrivacyPolicyBlock(java.lang.Object)[pri:5, instance:com.informatica.tests.managedAPITest@2f62ea70]" started-at="2022-12-15T18:05:09Z" name="ClickOnEnablePrivacyPolicyBlock" data-provider="getData" finished-at="2022-12-15T18:09:34Z" duration-ms="264965" status="PASS">
          <params>
            <param index="0">
              <value>
                <![CDATA[{Additional Details=APIName=APIM_Automation_AnonPrivacy,Version=1.0.0,Protocol=REST, TestMethodName=ClickOnEnablePrivacyPolicyBlock, Description=Test case to enable privacy policy block, IsRun=Yes, JIRA_KEY=APIM-1486}]]>
              </value>
            </param>
          </params>
          <reporter-output>
          </reporter-output>
        </test-method> <!-- ClickOnEnablePrivacyPolicyBlock -->
        <test-method is-config="true" signature="captureStatus(org.testng.ITestResult)[pri:0, instance:com.informatica.tests.managedAPITest@2f62ea70]" started-at="2022-12-15T18:09:34Z" name="captureStatus" finished-at="2022-12-15T18:09:34Z" duration-ms="1" status="PASS">
          <params>
            <param index="0">
              <value>
                <![CDATA[[TestResult name=ClickOnEnablePrivacyPolicyBlock status=SUCCESS method=managedAPITest.ClickOnEnablePrivacyPolicyBlock(java.lang.Object)[pri:5, instance:com.informatica.tests.managedAPITest@2f62ea70] output={null}]]]>
              </value>
            </param>
          </params>
          <reporter-output>
          </reporter-output>
        </test-method> <!-- captureStatus -->
        <test-method is-config="true" signature="tearDown()[pri:0, instance:com.informatica.tests.managedAPITest@2f62ea70]" started-at="2022-12-15T18:09:34Z" name="tearDown" finished-at="2022-12-15T18:09:35Z" duration-ms="344" status="FAIL">
          <exception class="com.microsoft.playwright.PlaywrightException">
            <message>
              <![CDATA[Failed to read message from driver, pipe closed.]]>
            </message>
            <full-stacktrace>
              <![CDATA[com.microsoft.playwright.PlaywrightException: Failed to read message from driver, pipe closed.
at com.microsoft.playwright.impl.PipeTransport.poll(PipeTransport.java:75)
at com.microsoft.playwright.impl.Connection.processOneMessage(Connection.java:157)
at com.microsoft.playwright.impl.ChannelOwner.runUntil(ChannelOwner.java:101)
at com.microsoft.playwright.impl.Connection.sendMessage(Connection.java:105)
at com.microsoft.playwright.impl.ChannelOwner.sendMessage(ChannelOwner.java:94)
at com.microsoft.playwright.impl.ChannelOwner.sendMessage(ChannelOwner.java:90)
at com.microsoft.playwright.impl.BrowserContextImpl.closeImpl(BrowserContextImpl.java:196)
at com.microsoft.playwright.impl.BrowserContextImpl.lambda$close$1(BrowserContextImpl.java:170)
at com.microsoft.playwright.impl.LoggingSupport.lambda$withLogging$0(LoggingSupport.java:36)
at com.microsoft.playwright.impl.LoggingSupport.withLogging(LoggingSupport.java:47)
at com.microsoft.playwright.impl.ChannelOwner.withLogging(ChannelOwner.java:79)
at com.microsoft.playwright.impl.LoggingSupport.withLogging(LoggingSupport.java:35)
at com.microsoft.playwright.impl.BrowserContextImpl.close(BrowserContextImpl.java:170)
at com.informatica.tests.BaseTest.tearDown(BaseTest.java:294)
at java.base/jdk.internal.reflect.NativeMethodAccessorImpl.invoke0(Native Method)
at java.base/jdk.internal.reflect.NativeMethodAccessorImpl.invoke(NativeMethodAccessorImpl.java:77)
at java.base/jdk.internal.reflect.DelegatingMethodAccessorImpl.invoke(DelegatingMethodAccessorImpl.java:43)
at java.base/java.lang.reflect.Method.invoke(Method.java:568)
at org.testng.internal.MethodInvocationHelper.invokeMethod(MethodInvocationHelper.java:124)
at org.testng.internal.MethodInvocationHelper.invokeMethodConsideringTimeout(MethodInvocationHelper.java:59)
at org.testng.internal.Invoker.invokeConfigurationMethod(Invoker.java:458)
at org.testng.internal.Invoker.invokeConfigurations(Invoker.java:222)
at org.testng.internal.Invoker.invokeConfigurations(Invoker.java:142)
at org.testng.TestRunner.afterRun(TestRunner.java:725)
at org.testng.TestRunner.run(TestRunner.java:509)
at org.testng.SuiteRunner.runTest(SuiteRunner.java:455)
at org.testng.SuiteRunner.access$000(SuiteRunner.java:40)
at org.testng.SuiteRunner$SuiteWorker.run(SuiteRunner.java:489)
at org.testng.internal.thread.ThreadUtil$1.call(ThreadUtil.java:52)
at java.base/java.util.concurrent.FutureTask.run(FutureTask.java:264)
at java.base/java.util.concurrent.ThreadPoolExecutor.runWorker(ThreadPoolExecutor.java:1136)
at java.base/java.util.concurrent.ThreadPoolExecutor$Worker.run(ThreadPoolExecutor.java:635)
at java.base/java.lang.Thread.run(Thread.java:833)
Caused by: java.io.EOFException
at com.microsoft.playwright.impl.ReaderThread.readIntLE(PipeTransport.java:110)
at com.microsoft.playwright.impl.ReaderThread.readMessage(PipeTransport.java:139)
at com.microsoft.playwright.impl.ReaderThread.run(PipeTransport.java:125)
]]>
            </full-stacktrace>
          </exception> <!-- com.microsoft.playwright.PlaywrightException -->
          <reporter-output>
          </reporter-output>
        </test-method> <!-- tearDown -->
      </class> <!-- com.informatica.tests.managedAPITest -->
    </test> <!-- Managed_API_Page -->
  </suite> <!-- APIM Tests -->
</testng-results>
